compsci-cluster-fitz-34
Fri Apr 25 10:20:02 PM EDT 2025
Fri Apr 25 22:20:03 2025       
+-----------------------------------------------------------------------------------------+
| NVIDIA-SMI 550.144.03             Driver Version: 550.144.03     CUDA Version: 12.4     |
|-----------------------------------------+------------------------+----------------------+
| GPU  Name                 Persistence-M | Bus-Id          Disp.A | Volatile Uncorr. ECC |
| Fan  Temp   Perf          Pwr:Usage/Cap |           Memory-Usage | GPU-Util  Compute M. |
|                                         |                        |               MIG M. |
|=========================================+========================+======================|
|   0  NVIDIA RTX A5000               Off |   00000000:17:00.0 Off |                    0 |
| 30%   39C    P8             13W /  230W |       2MiB /  23028MiB |      0%      Default |
|                                         |                        |                  N/A |
+-----------------------------------------+------------------------+----------------------+
|   1  NVIDIA RTX A5000               Off |   00000000:31:00.0 Off |                    0 |
| 30%   19C    P8             21W /  230W |       2MiB /  23028MiB |      0%      Default |
|                                         |                        |                  N/A |
+-----------------------------------------+------------------------+----------------------+
|   2  NVIDIA RTX A5000               Off |   00000000:B1:00.0 Off |                    0 |
| 30%   16C    P8             16W /  230W |       2MiB /  23028MiB |      0%      Default |
|                                         |                        |                  N/A |
+-----------------------------------------+------------------------+----------------------+
|   3  NVIDIA RTX A5000               Off |   00000000:CA:00.0 Off |                    0 |
| 30%   14C    P8             19W /  230W |       2MiB /  23028MiB |      0%      Default |
|                                         |                        |                  N/A |
+-----------------------------------------+------------------------+----------------------+
                                                                                         
+-----------------------------------------------------------------------------------------+
| Processes:                                                                              |
|  GPU   GI   CI        PID   Type   Process name                              GPU Memory |
|        ID   ID                                                               Usage      |
|=========================================================================================|
|  No running processes found                                                             |
+-----------------------------------------------------------------------------------------+
usage: huggingface-cli <command> [<args>] login [-h] [--token TOKEN]
                                                [--add-to-git-credential]
huggingface-cli <command> [<args>] login: error: argument --token: expected one argument
srun: error: compsci-cluster-fitz-34: task 0: Exited with exit code 2
