gpu-compute7
Tue Apr 22 10:42:30 PM EDT 2025
Tue Apr 22 22:42:30 2025       
+-----------------------------------------------------------------------------------------+
| NVIDIA-SMI 550.127.08             Driver Version: 550.127.08     CUDA Version: 12.4     |
|-----------------------------------------+------------------------+----------------------+
| GPU  Name                 Persistence-M | Bus-Id          Disp.A | Volatile Uncorr. ECC |
| Fan  Temp   Perf          Pwr:Usage/Cap |           Memory-Usage | GPU-Util  Compute M. |
|                                         |                        |               MIG M. |
|=========================================+========================+======================|
|   0  Tesla V100-PCIE-32GB           Off |   00000000:02:00.0 Off |                    0 |
| N/A   43C    P0             29W /  250W |       1MiB /  32768MiB |      0%      Default |
|                                         |                        |                  N/A |
+-----------------------------------------+------------------------+----------------------+
|   1  Tesla V100-PCIE-32GB           Off |   00000000:03:00.0 Off |                    0 |
| N/A   37C    P0             27W /  250W |       1MiB /  32768MiB |      0%      Default |
|                                         |                        |                  N/A |
+-----------------------------------------+------------------------+----------------------+
|   2  Tesla V100-PCIE-32GB           Off |   00000000:81:00.0 Off |                    0 |
| N/A   37C    P0             28W /  250W |       1MiB /  32768MiB |      0%      Default |
|                                         |                        |                  N/A |
+-----------------------------------------+------------------------+----------------------+
|   3  Tesla V100-PCIE-32GB           Off |   00000000:82:00.0 Off |                    0 |
| N/A   37C    P0             26W /  250W |       1MiB /  32768MiB |      0%      Default |
|                                         |                        |                  N/A |
+-----------------------------------------+------------------------+----------------------+
                                                                                         
+-----------------------------------------------------------------------------------------+
| Processes:                                                                              |
|  GPU   GI   CI        PID   Type   Process name                              GPU Memory |
|        ID   ID                                                               Usage      |
|=========================================================================================|
|  No running processes found                                                             |
+-----------------------------------------------------------------------------------------+
W0422 22:42:35.889000 2108797 torch/distributed/run.py:792] 
W0422 22:42:35.889000 2108797 torch/distributed/run.py:792] *****************************************
W0422 22:42:35.889000 2108797 torch/distributed/run.py:792] Setting OMP_NUM_THREADS environment variable for each process to be 1 in default, to avoid your system being overloaded, please further tune the variable for optimal performance in your application as needed. 
W0422 22:42:35.889000 2108797 torch/distributed/run.py:792] *****************************************
0
Logging to ./data10/call_of_duty/debug/
Print devices
0,1,2,3
GPUs per node 4
Effective parameters:
  <<< audio_attention_resolutions: -1
  <<< audio_fps: 16000
  <<< audio_size: [1, 25600]
  <<< audio_type: 1d
  <<< batch_size: 4
  <<< channel_mult: 
  <<< class_cond: False
  <<< cross_attention_resolutions: 2,4,8
  <<< cross_attention_shift: True
  <<< cross_attention_windows: 1,4,8
  <<< data_dir: ./data10/call_of_duty/train/
  <<< devices: 0,1,2,3
  <<< diffusion_steps: 1000
  <<< dropout: 0.1
  <<< ema_rate: 0.9999
  <<< fp16_scale_growth: 0.001
  <<< frame_gap: 1
  <<< learn_sigma: False
  <<< log_interval: 100
  <<< lr: 0.0001
  <<< lr_anneal_steps: 0
  <<< microbatch: -1
  <<< noise_schedule: linear
  <<< num_channels: 128
  <<< num_head_channels: 64
  <<< num_heads: 4
  <<< num_heads_upsample: -1
  <<< num_res_blocks: 2
  <<< num_workers: 4
  <<< output_dir: ./data10/call_of_duty/debug/
  <<< predict_xstart: False
  <<< resblock_updown: True
  <<< rescale_learned_sigmas: False
  <<< rescale_timesteps: False
  <<< resume_checkpoint: 
  <<< sample_fn: ddpm
  <<< save_interval: 1000
  <<< save_type: mp4
  <<< schedule_sampler: uniform
  <<< seed: 42
  <<< t_lr: 0.0001
  <<< timestep_respacing: 
  <<< use_checkpoint: False
  <<< use_db: False
  <<< use_fp16: True
  <<< use_kl: False
  <<< use_scale_shift_norm: True
  <<< video_attention_resolutions: 2,4,8
  <<< video_fps: 10
  <<< video_size: [16, 3, 64, 64]
  <<< video_type: 2d+1d
  <<< weight_decay: 0.0
Creating model and diffusion...
32

Logging to ./data10/call_of_duty/debug/
Print devices
0,1,2,3
GPUs per node 4
Logging to ./data10/call_of_duty/debug/
Print devices
0,1,2,3
GPUs per node 4
1
Logging to ./data10/call_of_duty/debug/
Print devices
0,1,2,3
GPUs per node 4
Creating data loader...
Tue Apr 22 22:42:57 2025       
+-----------------------------------------------------------------------------------------+
| NVIDIA-SMI 550.127.08             Driver Version: 550.127.08     CUDA Version: 12.4     |
|-----------------------------------------+------------------------+----------------------+
| GPU  Name                 Persistence-M | Bus-Id          Disp.A | Volatile Uncorr. ECC |
| Fan  Temp   Perf          Pwr:Usage/Cap |           Memory-Usage | GPU-Util  Compute M. |
|                                         |                        |               MIG M. |
|=========================================+========================+======================|
|   0  Tesla V100-PCIE-32GB           Off |   00000000:02:00.0 Off |                    0 |
| N/A   44C    P0             40W /  250W |     826MiB /  32768MiB |      9%      Default |
|                                         |                        |                  N/A |
+-----------------------------------------+------------------------+----------------------+
|   1  Tesla V100-PCIE-32GB           Off |   00000000:03:00.0 Off |                    0 |
| N/A   38C    P0             39W /  250W |     310MiB /  32768MiB |      0%      Default |
|                                         |                        |                  N/A |
+-----------------------------------------+------------------------+----------------------+
|   2  Tesla V100-PCIE-32GB           Off |   00000000:81:00.0 Off |                    0 |
| N/A   37C    P0             39W /  250W |     310MiB /  32768MiB |      0%      Default |
|                                         |                        |                  N/A |
+-----------------------------------------+------------------------+----------------------+
|   3  Tesla V100-PCIE-32GB           Off |   00000000:82:00.0 Off |                    0 |
| N/A   38C    P0             38W /  250W |     310MiB /  32768MiB |      0%      Default |
|                                         |                        |                  N/A |
+-----------------------------------------+------------------------+----------------------+
                                                                                         
+-----------------------------------------------------------------------------------------+
| Processes:                                                                              |
|  GPU   GI   CI        PID   Type   Process name                              GPU Memory |
|        ID   ID                                                               Usage      |
|=========================================================================================|
|    0   N/A  N/A   2108804      C   ...90-text2audiovideo/venv/bin/python3        822MiB |
|    1   N/A  N/A   2108805      C   ...90-text2audiovideo/venv/bin/python3        306MiB |
|    2   N/A  N/A   2108806      C   ...90-text2audiovideo/venv/bin/python3        306MiB |
|    3   N/A  N/A   2108807      C   ...90-text2audiovideo/venv/bin/python3        306MiB |
+-----------------------------------------------------------------------------------------+

Tue Apr 22 22:42:58 2025       
+-----------------------------------------------------------------------------------------+
| NVIDIA-SMI 550.127.08             Driver Version: 550.127.08     CUDA Version: 12.4     |
|-----------------------------------------+------------------------+----------------------+
| GPU  Name                 Persistence-M | Bus-Id          Disp.A | Volatile Uncorr. ECC |
| Fan  Temp   Perf          Pwr:Usage/Cap |           Memory-Usage | GPU-Util  Compute M. |
|                                         |                        |               MIG M. |
|=========================================+========================+======================|
|   0  Tesla V100-PCIE-32GB           Off |   00000000:02:00.0 Off |                    0 |
| N/A   44C    P0             41W /  250W |     826MiB /  32768MiB |      0%      Default |
|                                         |                        |                  N/A |
+-----------------------------------------+------------------------+----------------------+
|   1  Tesla V100-PCIE-32GB           Off |   00000000:03:00.0 Off |                    0 |
| N/A   38C    P0             39W /  250W |     310MiB /  32768MiB |      0%      Default |
|                                         |                        |                  N/A |
+-----------------------------------------+------------------------+----------------------+
|   2  Tesla V100-PCIE-32GB           Off |   00000000:81:00.0 Off |                    0 |
| N/A   37C    P0             39W /  250W |     310MiB /  32768MiB |      0%      Default |
|                                         |                        |                  N/A |
+-----------------------------------------+------------------------+----------------------+
|   3  Tesla V100-PCIE-32GB           Off |   00000000:82:00.0 Off |                    0 |
| N/A   38C    P0             38W /  250W |     310MiB /  32768MiB |      0%      Default |
|                                         |                        |                  N/A |
+-----------------------------------------+------------------------+----------------------+
                                                                                         
+-----------------------------------------------------------------------------------------+
| Processes:                                                                              |
|  GPU   GI   CI        PID   Type   Process name                              GPU Memory |
|        ID   ID                                                               Usage      |
|=========================================================================================|
|    0   N/A  N/A   2108804      C   ...90-text2audiovideo/venv/bin/python3        822MiB |
|    1   N/A  N/A   2108805      C   ...90-text2audiovideo/venv/bin/python3        306MiB |
|    2   N/A  N/A   2108806      C   ...90-text2audiovideo/venv/bin/python3        306MiB |
|    3   N/A  N/A   2108807      C   ...90-text2audiovideo/venv/bin/python3        306MiB |
+-----------------------------------------------------------------------------------------+

continue training from step 5000
Tue Apr 22 22:42:59 2025       
+-----------------------------------------------------------------------------------------+
| NVIDIA-SMI 550.127.08             Driver Version: 550.127.08     CUDA Version: 12.4     |
|-----------------------------------------+------------------------+----------------------+
| GPU  Name                 Persistence-M | Bus-Id          Disp.A | Volatile Uncorr. ECC |
| Fan  Temp   Perf          Pwr:Usage/Cap |           Memory-Usage | GPU-Util  Compute M. |
|                                         |                        |               MIG M. |
|=========================================+========================+======================|
|   0  Tesla V100-PCIE-32GB           Off |   00000000:02:00.0 Off |                    0 |
| N/A   44C    P0             41W /  250W |     826MiB /  32768MiB |      0%      Default |
|                                         |                        |                  N/A |
+-----------------------------------------+------------------------+----------------------+
|   1  Tesla V100-PCIE-32GB           Off |   00000000:03:00.0 Off |                    0 |
| N/A   38C    P0             39W /  250W |     826MiB /  32768MiB |      0%      Default |
|                                         |                        |                  N/A |
+-----------------------------------------+------------------------+----------------------+
|   2  Tesla V100-PCIE-32GB           Off |   00000000:81:00.0 Off |                    0 |
| N/A   37C    P0             39W /  250W |     826MiB /  32768MiB |      0%      Default |
|                                         |                        |                  N/A |
+-----------------------------------------+------------------------+----------------------+
|   3  Tesla V100-PCIE-32GB           Off |   00000000:82:00.0 Off |                    0 |
| N/A   38C    P0             38W /  250W |     826MiB /  32768MiB |      0%      Default |
|                                         |                        |                  N/A |
+-----------------------------------------+------------------------+----------------------+
                                                                                         
+-----------------------------------------------------------------------------------------+
| Processes:                                                                              |
|  GPU   GI   CI        PID   Type   Process name                              GPU Memory |
|        ID   ID                                                               Usage      |
|=========================================================================================|
|    0   N/A  N/A   2108804      C   ...90-text2audiovideo/venv/bin/python3        822MiB |
|    1   N/A  N/A   2108805      C   ...90-text2audiovideo/venv/bin/python3        822MiB |
|    2   N/A  N/A   2108806      C   ...90-text2audiovideo/venv/bin/python3        822MiB |
|    3   N/A  N/A   2108807      C   ...90-text2audiovideo/venv/bin/python3        822MiB |
+-----------------------------------------------------------------------------------------+

Tue Apr 22 22:42:59 2025       
+-----------------------------------------------------------------------------------------+
| NVIDIA-SMI 550.127.08             Driver Version: 550.127.08     CUDA Version: 12.4     |
|-----------------------------------------+------------------------+----------------------+
| GPU  Name                 Persistence-M | Bus-Id          Disp.A | Volatile Uncorr. ECC |
| Fan  Temp   Perf          Pwr:Usage/Cap |           Memory-Usage | GPU-Util  Compute M. |
|                                         |                        |               MIG M. |
|=========================================+========================+======================|
|   0  Tesla V100-PCIE-32GB           Off |   00000000:02:00.0 Off |                    0 |
| N/A   44C    P0             41W /  250W |     826MiB /  32768MiB |      0%      Default |
|                                         |                        |                  N/A |
+-----------------------------------------+------------------------+----------------------+
|   1  Tesla V100-PCIE-32GB           Off |   00000000:03:00.0 Off |                    0 |
| N/A   38C    P0             39W /  250W |     826MiB /  32768MiB |      0%      Default |
|                                         |                        |                  N/A |
+-----------------------------------------+------------------------+----------------------+
|   2  Tesla V100-PCIE-32GB           Off |   00000000:81:00.0 Off |                    0 |
| N/A   37C    P0             39W /  250W |     826MiB /  32768MiB |      0%      Default |
|                                         |                        |                  N/A |
+-----------------------------------------+------------------------+----------------------+
|   3  Tesla V100-PCIE-32GB           Off |   00000000:82:00.0 Off |                    0 |
| N/A   38C    P0             38W /  250W |     826MiB /  32768MiB |      0%      Default |
|                                         |                        |                  N/A |
+-----------------------------------------+------------------------+----------------------+
                                                                                         
+-----------------------------------------------------------------------------------------+
| Processes:                                                                              |
|  GPU   GI   CI        PID   Type   Process name                              GPU Memory |
|        ID   ID                                                               Usage      |
|=========================================================================================|
|    0   N/A  N/A   2108804      C   ...90-text2audiovideo/venv/bin/python3        822MiB |
|    1   N/A  N/A   2108805      C   ...90-text2audiovideo/venv/bin/python3        822MiB |
|    2   N/A  N/A   2108806      C   ...90-text2audiovideo/venv/bin/python3        822MiB |
|    3   N/A  N/A   2108807      C   ...90-text2audiovideo/venv/bin/python3        822MiB |
+-----------------------------------------------------------------------------------------+

Tue Apr 22 22:42:59 2025       
+-----------------------------------------------------------------------------------------+
| NVIDIA-SMI 550.127.08             Driver Version: 550.127.08     CUDA Version: 12.4     |
|-----------------------------------------+------------------------+----------------------+
| GPU  Name                 Persistence-M | Bus-Id          Disp.A | Volatile Uncorr. ECC |
| Fan  Temp   Perf          Pwr:Usage/Cap |           Memory-Usage | GPU-Util  Compute M. |
|                                         |                        |               MIG M. |
|=========================================+========================+======================|
|   0  Tesla V100-PCIE-32GB           Off |   00000000:02:00.0 Off |                    0 |
| N/A   44C    P0             41W /  250W |     826MiB /  32768MiB |      0%      Default |
|                                         |                        |                  N/A |
+-----------------------------------------+------------------------+----------------------+
|   1  Tesla V100-PCIE-32GB           Off |   00000000:03:00.0 Off |                    0 |
| N/A   38C    P0             39W /  250W |     826MiB /  32768MiB |      0%      Default |
|                                         |                        |                  N/A |
+-----------------------------------------+------------------------+----------------------+
|   2  Tesla V100-PCIE-32GB           Off |   00000000:81:00.0 Off |                    0 |
| N/A   37C    P0             39W /  250W |     826MiB /  32768MiB |      0%      Default |
|                                         |                        |                  N/A |
+-----------------------------------------+------------------------+----------------------+
|   3  Tesla V100-PCIE-32GB           Off |   00000000:82:00.0 Off |                    0 |
| N/A   38C    P0             38W /  250W |     826MiB /  32768MiB |      0%      Default |
|                                         |                        |                  N/A |
+-----------------------------------------+------------------------+----------------------+
                                                                                         
+-----------------------------------------------------------------------------------------+
| Processes:                                                                              |
|  GPU   GI   CI        PID   Type   Process name                              GPU Memory |
|        ID   ID                                                               Usage      |
|=========================================================================================|
|    0   N/A  N/A   2108804      C   ...90-text2audiovideo/venv/bin/python3        822MiB |
|    1   N/A  N/A   2108805      C   ...90-text2audiovideo/venv/bin/python3        822MiB |
|    2   N/A  N/A   2108806      C   ...90-text2audiovideo/venv/bin/python3        822MiB |
|    3   N/A  N/A   2108807      C   ...90-text2audiovideo/venv/bin/python3        822MiB |
+-----------------------------------------------------------------------------------------+

loading model from checkpoint: ./data10/call_of_duty/debug/model005000.pt...
loading model from checkpoint: ./data10/call_of_duty/debug/model005000.pt...
loading model from checkpoint: ./data10/call_of_duty/debug/model005000.pt...
loading model from checkpoint: ./data10/call_of_duty/debug/model005000.pt...
gpu-compute7:2108804:2108804 [0] NCCL INFO Bootstrap : Using enp4s0f0:152.3.140.63<0>
gpu-compute7:2108804:2108804 [0] NCCL INFO NET/Plugin: No plugin found (libnccl-net.so)
gpu-compute7:2108804:2108804 [0] NCCL INFO NET/Plugin: Plugin load returned 2 : libnccl-net.so: cannot open shared object file: No such file or directory : when loading libnccl-net.so
gpu-compute7:2108804:2108804 [0] NCCL INFO NET/Plugin: Using internal network plugin.
gpu-compute7:2108804:2108804 [0] NCCL INFO cudaDriverVersion 12040
NCCL version 2.21.5+cuda12.4
gpu-compute7:2108804:2108804 [0] NCCL INFO Comm config Blocking set to 1
gpu-compute7:2108805:2108805 [1] NCCL INFO cudaDriverVersion 12040
gpu-compute7:2108805:2108805 [1] NCCL INFO Bootstrap : Using enp4s0f0:152.3.140.63<0>
gpu-compute7:2108805:2108805 [1] NCCL INFO NET/Plugin: No plugin found (libnccl-net.so)
gpu-compute7:2108805:2108805 [1] NCCL INFO NET/Plugin: Plugin load returned 2 : libnccl-net.so: cannot open shared object file: No such file or directory : when loading libnccl-net.so
gpu-compute7:2108805:2108805 [1] NCCL INFO NET/Plugin: Using internal network plugin.
gpu-compute7:2108805:2108805 [1] NCCL INFO Comm config Blocking set to 1
gpu-compute7:2108804:2108879 [0] NCCL INFO NET/IB : No device found.
gpu-compute7:2108805:2108880 [1] NCCL INFO NET/IB : No device found.
gpu-compute7:2108805:2108880 [1] NCCL INFO NET/Socket : Using [0]enp4s0f0:152.3.140.63<0>
gpu-compute7:2108805:2108880 [1] NCCL INFO Using non-device net plugin version 0
gpu-compute7:2108805:2108880 [1] NCCL INFO Using network Socket
gpu-compute7:2108804:2108879 [0] NCCL INFO NET/Socket : Using [0]enp4s0f0:152.3.140.63<0>
gpu-compute7:2108804:2108879 [0] NCCL INFO Using non-device net plugin version 0
gpu-compute7:2108804:2108879 [0] NCCL INFO Using network Socket
gpu-compute7:2108806:2108806 [2] NCCL INFO cudaDriverVersion 12040
gpu-compute7:2108806:2108806 [2] NCCL INFO Bootstrap : Using enp4s0f0:152.3.140.63<0>
gpu-compute7:2108806:2108806 [2] NCCL INFO NET/Plugin: No plugin found (libnccl-net.so)
gpu-compute7:2108806:2108806 [2] NCCL INFO NET/Plugin: Plugin load returned 2 : libnccl-net.so: cannot open shared object file: No such file or directory : when loading libnccl-net.so
gpu-compute7:2108806:2108806 [2] NCCL INFO NET/Plugin: Using internal network plugin.
gpu-compute7:2108806:2108806 [2] NCCL INFO Comm config Blocking set to 1
gpu-compute7:2108807:2108807 [3] NCCL INFO cudaDriverVersion 12040
gpu-compute7:2108807:2108807 [3] NCCL INFO Bootstrap : Using enp4s0f0:152.3.140.63<0>
gpu-compute7:2108807:2108807 [3] NCCL INFO NET/Plugin: No plugin found (libnccl-net.so)
gpu-compute7:2108807:2108807 [3] NCCL INFO NET/Plugin: Plugin load returned 2 : libnccl-net.so: cannot open shared object file: No such file or directory : when loading libnccl-net.so
gpu-compute7:2108807:2108807 [3] NCCL INFO NET/Plugin: Using internal network plugin.
gpu-compute7:2108807:2108807 [3] NCCL INFO Comm config Blocking set to 1
gpu-compute7:2108806:2108881 [2] NCCL INFO NET/IB : No device found.
gpu-compute7:2108806:2108881 [2] NCCL INFO NET/Socket : Using [0]enp4s0f0:152.3.140.63<0>
gpu-compute7:2108806:2108881 [2] NCCL INFO Using non-device net plugin version 0
gpu-compute7:2108806:2108881 [2] NCCL INFO Using network Socket
gpu-compute7:2108807:2108882 [3] NCCL INFO NET/IB : No device found.
gpu-compute7:2108807:2108882 [3] NCCL INFO NET/Socket : Using [0]enp4s0f0:152.3.140.63<0>
gpu-compute7:2108807:2108882 [3] NCCL INFO Using non-device net plugin version 0
gpu-compute7:2108807:2108882 [3] NCCL INFO Using network Socket
gpu-compute7:2108805:2108880 [1] NCCL INFO ncclCommInitRank comm 0x5573cc746370 rank 1 nranks 4 cudaDev 1 nvmlDev 1 busId 3000 commId 0xc1e96e0cf3483bb1 - Init START
gpu-compute7:2108807:2108882 [3] NCCL INFO ncclCommInitRank comm 0x557191af1350 rank 3 nranks 4 cudaDev 3 nvmlDev 3 busId 82000 commId 0xc1e96e0cf3483bb1 - Init START
gpu-compute7:2108804:2108879 [0] NCCL INFO ncclCommInitRank comm 0x55a321d8d100 rank 0 nranks 4 cudaDev 0 nvmlDev 0 busId 2000 commId 0xc1e96e0cf3483bb1 - Init START
gpu-compute7:2108806:2108881 [2] NCCL INFO ncclCommInitRank comm 0x561dc590a7c0 rank 2 nranks 4 cudaDev 2 nvmlDev 2 busId 81000 commId 0xc1e96e0cf3483bb1 - Init START
gpu-compute7:2108805:2108880 [1] NCCL INFO Setting affinity for GPU 1 to 100001
gpu-compute7:2108805:2108880 [1] NCCL INFO NVLS multicast support is not available on dev 1
gpu-compute7:2108806:2108881 [2] NCCL INFO NVLS multicast support is not available on dev 2
gpu-compute7:2108807:2108882 [3] NCCL INFO NVLS multicast support is not available on dev 3
gpu-compute7:2108804:2108879 [0] NCCL INFO Setting affinity for GPU 0 to 100001
gpu-compute7:2108804:2108879 [0] NCCL INFO NVLS multicast support is not available on dev 0
gpu-compute7:2108807:2108882 [3] NCCL INFO comm 0x557191af1350 rank 3 nRanks 4 nNodes 1 localRanks 4 localRank 3 MNNVL 0
gpu-compute7:2108806:2108881 [2] NCCL INFO comm 0x561dc590a7c0 rank 2 nRanks 4 nNodes 1 localRanks 4 localRank 2 MNNVL 0
gpu-compute7:2108806:2108881 [2] NCCL INFO Trees [0] 3/-1/-1->2->1 [1] 3/-1/-1->2->1
gpu-compute7:2108806:2108881 [2] NCCL INFO P2P Chunksize set to 131072
gpu-compute7:2108804:2108879 [0] NCCL INFO comm 0x55a321d8d100 rank 0 nRanks 4 nNodes 1 localRanks 4 localRank 0 MNNVL 0
gpu-compute7:2108805:2108880 [1] NCCL INFO comm 0x5573cc746370 rank 1 nRanks 4 nNodes 1 localRanks 4 localRank 1 MNNVL 0
gpu-compute7:2108805:2108880 [1] NCCL INFO Trees [0] 2/-1/-1->1->0 [1] 2/-1/-1->1->0
gpu-compute7:2108805:2108880 [1] NCCL INFO P2P Chunksize set to 131072
gpu-compute7:2108807:2108882 [3] NCCL INFO Trees [0] -1/-1/-1->3->2 [1] -1/-1/-1->3->2
gpu-compute7:2108807:2108882 [3] NCCL INFO P2P Chunksize set to 131072
gpu-compute7:2108804:2108879 [0] NCCL INFO Channel 00/02 :    0   1   2   3
gpu-compute7:2108804:2108879 [0] NCCL INFO Channel 01/02 :    0   1   2   3
gpu-compute7:2108804:2108879 [0] NCCL INFO Trees [0] 1/-1/-1->0->-1 [1] 1/-1/-1->0->-1
gpu-compute7:2108804:2108879 [0] NCCL INFO P2P Chunksize set to 131072
gpu-compute7:2108805:2108880 [1] NCCL INFO Channel 00 : 1[1] -> 2[2] via SHM/direct/direct
gpu-compute7:2108805:2108880 [1] NCCL INFO Channel 01 : 1[1] -> 2[2] via SHM/direct/direct
gpu-compute7:2108807:2108882 [3] NCCL INFO Channel 00 : 3[3] -> 0[0] via SHM/direct/direct
gpu-compute7:2108807:2108882 [3] NCCL INFO Channel 01 : 3[3] -> 0[0] via SHM/direct/direct
gpu-compute7:2108806:2108881 [2] NCCL INFO Channel 00 : 2[2] -> 3[3] via SHM/direct/direct
gpu-compute7:2108806:2108881 [2] NCCL INFO Channel 01 : 2[2] -> 3[3] via SHM/direct/direct
gpu-compute7:2108804:2108879 [0] NCCL INFO Channel 00 : 0[0] -> 1[1] via SHM/direct/direct
gpu-compute7:2108804:2108879 [0] NCCL INFO Channel 01 : 0[0] -> 1[1] via SHM/direct/direct
gpu-compute7:2108807:2108882 [3] NCCL INFO Connected all rings
gpu-compute7:2108807:2108882 [3] NCCL INFO Channel 00 : 3[3] -> 2[2] via SHM/direct/direct
gpu-compute7:2108807:2108882 [3] NCCL INFO Channel 01 : 3[3] -> 2[2] via SHM/direct/direct
gpu-compute7:2108806:2108881 [2] NCCL INFO Connected all rings
gpu-compute7:2108804:2108879 [0] NCCL INFO Connected all rings
gpu-compute7:2108805:2108880 [1] NCCL INFO Connected all rings
gpu-compute7:2108805:2108880 [1] NCCL INFO Channel 00 : 1[1] -> 0[0] via SHM/direct/direct
gpu-compute7:2108805:2108880 [1] NCCL INFO Channel 01 : 1[1] -> 0[0] via SHM/direct/direct
gpu-compute7:2108806:2108881 [2] NCCL INFO Channel 00 : 2[2] -> 1[1] via SHM/direct/direct
gpu-compute7:2108806:2108881 [2] NCCL INFO Channel 01 : 2[2] -> 1[1] via SHM/direct/direct
gpu-compute7:2108804:2108879 [0] NCCL INFO Connected all trees
gpu-compute7:2108804:2108879 [0] NCCL INFO threadThresholds 8/8/64 | 32/8/64 | 512 | 512
gpu-compute7:2108804:2108879 [0] NCCL INFO 2 coll channels, 2 collnet channels, 0 nvls channels, 2 p2p channels, 2 p2p channels per peer
gpu-compute7:2108805:2108880 [1] NCCL INFO Connected all trees
gpu-compute7:2108805:2108880 [1] NCCL INFO threadThresholds 8/8/64 | 32/8/64 | 512 | 512
gpu-compute7:2108805:2108880 [1] NCCL INFO 2 coll channels, 2 collnet channels, 0 nvls channels, 2 p2p channels, 2 p2p channels per peer
gpu-compute7:2108806:2108881 [2] NCCL INFO Connected all trees
gpu-compute7:2108806:2108881 [2] NCCL INFO threadThresholds 8/8/64 | 32/8/64 | 512 | 512
gpu-compute7:2108806:2108881 [2] NCCL INFO 2 coll channels, 2 collnet channels, 0 nvls channels, 2 p2p channels, 2 p2p channels per peer
gpu-compute7:2108807:2108882 [3] NCCL INFO Connected all trees
gpu-compute7:2108807:2108882 [3] NCCL INFO threadThresholds 8/8/64 | 32/8/64 | 512 | 512
gpu-compute7:2108807:2108882 [3] NCCL INFO 2 coll channels, 2 collnet channels, 0 nvls channels, 2 p2p channels, 2 p2p channels per peer
gpu-compute7:2108805:2108880 [1] NCCL INFO TUNER/Plugin: Plugin load returned 2 : libnccl-net.so: cannot open shared object file: No such file or directory : when loading libnccl-tuner.so
gpu-compute7:2108805:2108880 [1] NCCL INFO TUNER/Plugin: Using internal tuner plugin.
gpu-compute7:2108805:2108880 [1] NCCL INFO ncclCommInitRank comm 0x5573cc746370 rank 1 nranks 4 cudaDev 1 nvmlDev 1 busId 3000 commId 0xc1e96e0cf3483bb1 - Init COMPLETE
gpu-compute7:2108806:2108881 [2] NCCL INFO TUNER/Plugin: Plugin load returned 2 : libnccl-net.so: cannot open shared object file: No such file or directory : when loading libnccl-tuner.so
gpu-compute7:2108806:2108881 [2] NCCL INFO TUNER/Plugin: Using internal tuner plugin.
gpu-compute7:2108806:2108881 [2] NCCL INFO ncclCommInitRank comm 0x561dc590a7c0 rank 2 nranks 4 cudaDev 2 nvmlDev 2 busId 81000 commId 0xc1e96e0cf3483bb1 - Init COMPLETE
gpu-compute7:2108804:2108879 [0] NCCL INFO TUNER/Plugin: Plugin load returned 2 : libnccl-net.so: cannot open shared object file: No such file or directory : when loading libnccl-tuner.so
gpu-compute7:2108804:2108879 [0] NCCL INFO TUNER/Plugin: Using internal tuner plugin.
gpu-compute7:2108804:2108879 [0] NCCL INFO ncclCommInitRank comm 0x55a321d8d100 rank 0 nranks 4 cudaDev 0 nvmlDev 0 busId 2000 commId 0xc1e96e0cf3483bb1 - Init COMPLETE
gpu-compute7:2108807:2108882 [3] NCCL INFO TUNER/Plugin: Plugin load returned 2 : libnccl-net.so: cannot open shared object file: No such file or directory : when loading libnccl-tuner.so
gpu-compute7:2108807:2108882 [3] NCCL INFO TUNER/Plugin: Using internal tuner plugin.
gpu-compute7:2108807:2108882 [3] NCCL INFO ncclCommInitRank comm 0x557191af1350 rank 3 nranks 4 cudaDev 3 nvmlDev 3 busId 82000 commId 0xc1e96e0cf3483bb1 - Init COMPLETE
loading optimizer state from checkpoint: ./data10/call_of_duty/debug/opt005000.ptloading optimizer state from checkpoint: ./data10/call_of_duty/debug/opt005000.pt
loading optimizer state from checkpoint: ./data10/call_of_duty/debug/opt005000.ptloading optimizer state from checkpoint: ./data10/call_of_duty/debug/opt005000.pt


loading EMA from checkpoint: ./data10/call_of_duty/debug/ema_0.9999_005000.pt...
loading EMA from checkpoint: ./data10/call_of_duty/debug/ema_0.9999_005000.pt...
loading EMA from checkpoint: ./data10/call_of_duty/debug/ema_0.9999_005000.pt...
loading EMA from checkpoint: ./data10/call_of_duty/debug/ema_0.9999_005000.pt...
Total Parameters:133.68MTotal Parameters:133.68MTotal Parameters:133.68M
Total Parameters:133.68M
Total Training Parameters:133.68M
Total Loaded Parameters:133.68M
Total Training Parameters:133.68M
Total Loaded Parameters:133.68M

Total Training Parameters:133.68M
Total Loaded Parameters:133.68M

Total Training Parameters:133.68M
Total Loaded Parameters:133.68M
******DDP sync model done...******DDP sync model done...

******DDP sync model done...
******DDP sync model done...
Tue Apr 22 22:43:35 2025       
+-----------------------------------------------------------------------------------------+
| NVIDIA-SMI 550.127.08             Driver Version: 550.127.08     CUDA Version: 12.4     |
|-----------------------------------------+------------------------+----------------------+
| GPU  Name                 Persistence-M | Bus-Id          Disp.A | Volatile Uncorr. ECC |
| Fan  Temp   Perf          Pwr:Usage/Cap |           Memory-Usage | GPU-Util  Compute M. |
|                                         |                        |               MIG M. |
|=========================================+========================+======================|
|   0  Tesla V100-PCIE-32GB           Off |   00000000:02:00.0 Off |                    0 |
| N/A   45C    P0             45W /  250W |    4562MiB /  32768MiB |     38%      Default |
|                                         |                        |                  N/A |
+-----------------------------------------+------------------------+----------------------+
|   1  Tesla V100-PCIE-32GB           Off |   00000000:03:00.0 Off |                    0 |
| N/A   39C    P0             44W /  250W |    4562MiB /  32768MiB |     70%      Default |
|                                         |                        |                  N/A |
+-----------------------------------------+------------------------+----------------------+
|   2  Tesla V100-PCIE-32GB           Off |   00000000:81:00.0 Off |                    0 |
| N/A   39C    P0             43W /  250W |    4562MiB /  32768MiB |     13%      Default |
|                                         |                        |                  N/A |
+-----------------------------------------+------------------------+----------------------+
|   3  Tesla V100-PCIE-32GB           Off |   00000000:82:00.0 Off |                    0 |
| N/A   39C    P0             43W /  250W |    4562MiB /  32768MiB |      0%      Default |
|                                         |                        |                  N/A |
+-----------------------------------------+------------------------+----------------------+
                                                                                         
+-----------------------------------------------------------------------------------------+
| Processes:                                                                              |
|  GPU   GI   CI        PID   Type   Process name                              GPU Memory |
|        ID   ID                                                               Usage      |
|=========================================================================================|
|    0   N/A  N/A   2108804      C   ...90-text2audiovideo/venv/bin/python3       4558MiB |
|    1   N/A  N/A   2108805      C   ...90-text2audiovideo/venv/bin/python3       4558MiB |
|    2   N/A  N/A   2108806      C   ...90-text2audiovideo/venv/bin/python3       4558MiB |
|    3   N/A  N/A   2108807      C   ...90-text2audiovideo/venv/bin/python3       4558MiB |
+-----------------------------------------------------------------------------------------+

Tue Apr 22 22:43:35 2025       
+-----------------------------------------------------------------------------------------+
| NVIDIA-SMI 550.127.08             Driver Version: 550.127.08     CUDA Version: 12.4     |
|-----------------------------------------+------------------------+----------------------+
| GPU  Name                 Persistence-M | Bus-Id          Disp.A | Volatile Uncorr. ECC |
| Fan  Temp   Perf          Pwr:Usage/Cap |           Memory-Usage | GPU-Util  Compute M. |
|                                         |                        |               MIG M. |
|=========================================+========================+======================|
|   0  Tesla V100-PCIE-32GB           Off |   00000000:02:00.0 Off |                    0 |
| N/A   45C    P0             45W /  250W |    4562MiB /  32768MiB |     38%      Default |
|                                         |                        |                  N/A |
+-----------------------------------------+------------------------+----------------------+
|   1  Tesla V100-PCIE-32GB           Off |   00000000:03:00.0 Off |                    0 |
| N/A   39C    P0             44W /  250W |    4562MiB /  32768MiB |     70%      Default |
|                                         |                        |                  N/A |
+-----------------------------------------+------------------------+----------------------+
|   2  Tesla V100-PCIE-32GB           Off |   00000000:81:00.0 Off |                    0 |
| N/A   39C    P0             43W /  250W |    4562MiB /  32768MiB |     13%      Default |
|                                         |                        |                  N/A |
+-----------------------------------------+------------------------+----------------------+
|   3  Tesla V100-PCIE-32GB           Off |   00000000:82:00.0 Off |                    0 |
| N/A   39C    P0             43W /  250W |    4562MiB /  32768MiB |      0%      Default |
|                                         |                        |                  N/A |
+-----------------------------------------+------------------------+----------------------+
                                                                                         
+-----------------------------------------------------------------------------------------+
| Processes:                                                                              |
|  GPU   GI   CI        PID   Type   Process name                              GPU Memory |
|        ID   ID                                                               Usage      |
|=========================================================================================|
|    0   N/A  N/A   2108804      C   ...90-text2audiovideo/venv/bin/python3       4558MiB |
|    1   N/A  N/A   2108805      C   ...90-text2audiovideo/venv/bin/python3       4558MiB |
|    2   N/A  N/A   2108806      C   ...90-text2audiovideo/venv/bin/python3       4558MiB |
|    3   N/A  N/A   2108807      C   ...90-text2audiovideo/venv/bin/python3       4558MiB |
+-----------------------------------------------------------------------------------------+

load ./data10/call_of_duty/train/video_clip_f16_g1_r10.pkl...len(data loader):1265

load ./data10/call_of_duty/train/video_clip_f16_g1_r10.pkl...
Tue Apr 22 22:43:35 2025       
+-----------------------------------------------------------------------------------------+
| NVIDIA-SMI 550.127.08             Driver Version: 550.127.08     CUDA Version: 12.4     |
|-----------------------------------------+------------------------+----------------------+
| GPU  Name                 Persistence-M | Bus-Id          Disp.A | Volatile Uncorr. ECC |
| Fan  Temp   Perf          Pwr:Usage/Cap |           Memory-Usage | GPU-Util  Compute M. |
|                                         |                        |               MIG M. |
|=========================================+========================+======================|
|   0  Tesla V100-PCIE-32GB           Off |   00000000:02:00.0 Off |                    0 |
| N/A   45C    P0             45W /  250W |    4562MiB /  32768MiB |     38%      Default |
|                                         |                        |                  N/A |
+-----------------------------------------+------------------------+----------------------+
|   1  Tesla V100-PCIE-32GB           Off |   00000000:03:00.0 Off |                    0 |
| N/A   39C    P0             45W /  250W |    4562MiB /  32768MiB |      0%      Default |
|                                         |                        |                  N/A |
+-----------------------------------------+------------------------+----------------------+
|   2  Tesla V100-PCIE-32GB           Off |   00000000:81:00.0 Off |                    0 |
| N/A   38C    P0             43W /  250W |    4562MiB /  32768MiB |     13%      Default |
|                                         |                        |                  N/A |
+-----------------------------------------+------------------------+----------------------+
|   3  Tesla V100-PCIE-32GB           Off |   00000000:82:00.0 Off |                    0 |
| N/A   39C    P0             43W /  250W |    4562MiB /  32768MiB |      0%      Default |
|                                         |                        |                  N/A |
+-----------------------------------------+------------------------+----------------------+
                                                                                         
+-----------------------------------------------------------------------------------------+
| Processes:                                                                              |
|  GPU   GI   CI        PID   Type   Process name                              GPU Memory |
|        ID   ID                                                               Usage      |
|=========================================================================================|
|    0   N/A  N/A   2108804      C   ...90-text2audiovideo/venv/bin/python3       4558MiB |
|    1   N/A  N/A   2108805      C   ...90-text2audiovideo/venv/bin/python3       4558MiB |
|    2   N/A  N/A   2108806      C   ...90-text2audiovideo/venv/bin/python3       4558MiB |
|    3   N/A  N/A   2108807      C   ...90-text2audiovideo/venv/bin/python3       4558MiB |
+-----------------------------------------------------------------------------------------+

Tue Apr 22 22:43:35 2025       
+-----------------------------------------------------------------------------------------+
| NVIDIA-SMI 550.127.08             Driver Version: 550.127.08     CUDA Version: 12.4     |
|-----------------------------------------+------------------------+----------------------+
| GPU  Name                 Persistence-M | Bus-Id          Disp.A | Volatile Uncorr. ECC |
| Fan  Temp   Perf          Pwr:Usage/Cap |           Memory-Usage | GPU-Util  Compute M. |
|                                         |                        |               MIG M. |
|=========================================+========================+======================|
|   0  Tesla V100-PCIE-32GB           Off |   00000000:02:00.0 Off |                    0 |
| N/A   45C    P0             45W /  250W |    4562MiB /  32768MiB |     38%      Default |
|                                         |                        |                  N/A |
+-----------------------------------------+------------------------+----------------------+
|   1  Tesla V100-PCIE-32GB           Off |   00000000:03:00.0 Off |                    0 |
| N/A   39C    P0             44W /  250W |    4562MiB /  32768MiB |     70%      Default |
|                                         |                        |                  N/A |
+-----------------------------------------+------------------------+----------------------+
|   2  Tesla V100-PCIE-32GB           Off |   00000000:81:00.0 Off |                    0 |
| N/A   39C    P0             43W /  250W |    4562MiB /  32768MiB |      0%      Default |
|                                         |                        |                  N/A |
+-----------------------------------------+------------------------+----------------------+
|   3  Tesla V100-PCIE-32GB           Off |   00000000:82:00.0 Off |                    0 |
| N/A   39C    P0             43W /  250W |    4562MiB /  32768MiB |      0%      Default |
|                                         |                        |                  N/A |
+-----------------------------------------+------------------------+----------------------+
                                                                                         
+-----------------------------------------------------------------------------------------+
| Processes:                                                                              |
|  GPU   GI   CI        PID   Type   Process name                              GPU Memory |
|        ID   ID                                                               Usage      |
|=========================================================================================|
|    0   N/A  N/A   2108804      C   ...90-text2audiovideo/venv/bin/python3       4558MiB |
|    1   N/A  N/A   2108805      C   ...90-text2audiovideo/venv/bin/python3       4558MiB |
|    2   N/A  N/A   2108806      C   ...90-text2audiovideo/venv/bin/python3       4558MiB |
|    3   N/A  N/A   2108807      C   ...90-text2audiovideo/venv/bin/python3       4558MiB |
+-----------------------------------------------------------------------------------------+

load ./data10/call_of_duty/train/video_clip_f16_g1_r10.pkl...load ./data10/call_of_duty/train/video_clip_f16_g1_r10.pkl...

/home/users/ap794/finalCS590-text2audiovideo/venv/lib/python3.10/site-packages/torchvision/datasets/video_utils.py:219: UserWarning: There aren't enough frames in the current video to get a clip for the given clip length and frames between clips. The video (and potentially others) will be skipped.
  warnings.warn(
/home/users/ap794/finalCS590-text2audiovideo/venv/lib/python3.10/site-packages/torchvision/datasets/video_utils.py:219: UserWarning: There aren't enough frames in the current video to get a clip for the given clip length and frames between clips. The video (and potentially others) will be skipped.
  warnings.warn(
load 339523 video clips from ./data10/call_of_duty/train/video_clip_f16_g1_r10.pkl......load 339523 video clips from ./data10/call_of_duty/train/video_clip_f16_g1_r10.pkl......

/home/users/ap794/finalCS590-text2audiovideo/venv/lib/python3.10/site-packages/torchvision/datasets/video_utils.py:219: UserWarning: There aren't enough frames in the current video to get a clip for the given clip length and frames between clips. The video (and potentially others) will be skipped.
  warnings.warn(
/home/users/ap794/finalCS590-text2audiovideo/venv/lib/python3.10/site-packages/torchvision/datasets/video_utils.py:219: UserWarning: There aren't enough frames in the current video to get a clip for the given clip length and frames between clips. The video (and potentially others) will be skipped.
  warnings.warn(
/home/users/ap794/finalCS590-text2audiovideo/venv/lib/python3.10/site-packages/torch/utils/data/dataloader.py:624: UserWarning: This DataLoader will create 4 worker processes in total. Our suggested max number of worker in current system is 2, which is smaller than what this DataLoader is going to create. Please be aware that excessive worker creation might get DataLoader running slow or even freeze, lower the worker number to avoid potential slowness/freeze if necessary.
  warnings.warn(
/home/users/ap794/finalCS590-text2audiovideo/venv/lib/python3.10/site-packages/torch/utils/data/dataloader.py:624: UserWarning: This DataLoader will create 4 worker processes in total. Our suggested max number of worker in current system is 2, which is smaller than what this DataLoader is going to create. Please be aware that excessive worker creation might get DataLoader running slow or even freeze, lower the worker number to avoid potential slowness/freeze if necessary.
  warnings.warn(
load 339523 video clips from ./data10/call_of_duty/train/video_clip_f16_g1_r10.pkl......
load 339523 video clips from ./data10/call_of_duty/train/video_clip_f16_g1_r10.pkl......
/home/users/ap794/finalCS590-text2audiovideo/venv/lib/python3.10/site-packages/torchvision/io/video.py:197: UserWarning: The pts_unit 'pts' gives wrong results. Please use pts_unit 'sec'.
  warnings.warn("The pts_unit 'pts' gives wrong results. Please use pts_unit 'sec'.")
/home/users/ap794/finalCS590-text2audiovideo/venv/lib/python3.10/site-packages/torchvision/io/video.py:197: UserWarning: The pts_unit 'pts' gives wrong results. Please use pts_unit 'sec'.
  warnings.warn("The pts_unit 'pts' gives wrong results. Please use pts_unit 'sec'.")
/home/users/ap794/finalCS590-text2audiovideo/venv/lib/python3.10/site-packages/torchvision/io/video.py:197: UserWarning: The pts_unit 'pts' gives wrong results. Please use pts_unit 'sec'.
  warnings.warn("The pts_unit 'pts' gives wrong results. Please use pts_unit 'sec'.")
/home/users/ap794/finalCS590-text2audiovideo/venv/lib/python3.10/site-packages/torch/utils/data/dataloader.py:624: UserWarning: This DataLoader will create 4 worker processes in total. Our suggested max number of worker in current system is 2, which is smaller than what this DataLoader is going to create. Please be aware that excessive worker creation might get DataLoader running slow or even freeze, lower the worker number to avoid potential slowness/freeze if necessary.
  warnings.warn(
/home/users/ap794/finalCS590-text2audiovideo/venv/lib/python3.10/site-packages/torchvision/io/video.py:197: UserWarning: The pts_unit 'pts' gives wrong results. Please use pts_unit 'sec'.
  warnings.warn("The pts_unit 'pts' gives wrong results. Please use pts_unit 'sec'.")
/home/users/ap794/finalCS590-text2audiovideo/venv/lib/python3.10/site-packages/torchvision/io/video.py:197: UserWarning: The pts_unit 'pts' gives wrong results. Please use pts_unit 'sec'.
  warnings.warn("The pts_unit 'pts' gives wrong results. Please use pts_unit 'sec'.")
/home/users/ap794/finalCS590-text2audiovideo/venv/lib/python3.10/site-packages/torchvision/io/video.py:197: UserWarning: The pts_unit 'pts' gives wrong results. Please use pts_unit 'sec'.
  warnings.warn("The pts_unit 'pts' gives wrong results. Please use pts_unit 'sec'.")
/home/users/ap794/finalCS590-text2audiovideo/venv/lib/python3.10/site-packages/torchvision/io/video.py:197: UserWarning: The pts_unit 'pts' gives wrong results. Please use pts_unit 'sec'.
  warnings.warn("The pts_unit 'pts' gives wrong results. Please use pts_unit 'sec'.")
/home/users/ap794/finalCS590-text2audiovideo/venv/lib/python3.10/site-packages/torchvision/io/video.py:197: UserWarning: The pts_unit 'pts' gives wrong results. Please use pts_unit 'sec'.
  warnings.warn("The pts_unit 'pts' gives wrong results. Please use pts_unit 'sec'.")
/home/users/ap794/finalCS590-text2audiovideo/venv/lib/python3.10/site-packages/torch/utils/data/dataloader.py:624: UserWarning: This DataLoader will create 4 worker processes in total. Our suggested max number of worker in current system is 2, which is smaller than what this DataLoader is going to create. Please be aware that excessive worker creation might get DataLoader running slow or even freeze, lower the worker number to avoid potential slowness/freeze if necessary.
  warnings.warn(
/home/users/ap794/finalCS590-text2audiovideo/venv/lib/python3.10/site-packages/torchvision/io/video.py:197: UserWarning: The pts_unit 'pts' gives wrong results. Please use pts_unit 'sec'.
  warnings.warn("The pts_unit 'pts' gives wrong results. Please use pts_unit 'sec'.")
/home/users/ap794/finalCS590-text2audiovideo/venv/lib/python3.10/site-packages/torchvision/io/video.py:197: UserWarning: The pts_unit 'pts' gives wrong results. Please use pts_unit 'sec'.
  warnings.warn("The pts_unit 'pts' gives wrong results. Please use pts_unit 'sec'.")
/home/users/ap794/finalCS590-text2audiovideo/venv/lib/python3.10/site-packages/torchvision/io/video.py:197: UserWarning: The pts_unit 'pts' gives wrong results. Please use pts_unit 'sec'.
  warnings.warn("The pts_unit 'pts' gives wrong results. Please use pts_unit 'sec'.")
/home/users/ap794/finalCS590-text2audiovideo/venv/lib/python3.10/site-packages/torchvision/io/video.py:197: UserWarning: The pts_unit 'pts' gives wrong results. Please use pts_unit 'sec'.
  warnings.warn("The pts_unit 'pts' gives wrong results. Please use pts_unit 'sec'.")
/home/users/ap794/finalCS590-text2audiovideo/venv/lib/python3.10/site-packages/torchvision/io/video.py:197: UserWarning: The pts_unit 'pts' gives wrong results. Please use pts_unit 'sec'.
  warnings.warn("The pts_unit 'pts' gives wrong results. Please use pts_unit 'sec'.")
/home/users/ap794/finalCS590-text2audiovideo/venv/lib/python3.10/site-packages/torchvision/io/video.py:197: UserWarning: The pts_unit 'pts' gives wrong results. Please use pts_unit 'sec'.
  warnings.warn("The pts_unit 'pts' gives wrong results. Please use pts_unit 'sec'.")
/home/users/ap794/finalCS590-text2audiovideo/venv/lib/python3.10/site-packages/torchvision/io/video.py:197: UserWarning: The pts_unit 'pts' gives wrong results. Please use pts_unit 'sec'.
  warnings.warn("The pts_unit 'pts' gives wrong results. Please use pts_unit 'sec'.")
/home/users/ap794/finalCS590-text2audiovideo/venv/lib/python3.10/site-packages/torchvision/io/video.py:197: UserWarning: The pts_unit 'pts' gives wrong results. Please use pts_unit 'sec'.
  warnings.warn("The pts_unit 'pts' gives wrong results. Please use pts_unit 'sec'.")
mmco: unref short failure
mmco: unref short failure
mmco: unref short failure
Found NaN, decreased lg_loss_scale to 19.002000000000002
Found NaN, decreased lg_loss_scale to 19.002000000000002Found NaN, decreased lg_loss_scale to 19.002000000000002

Found NaN, decreased lg_loss_scale to 19.002000000000002
mmco: unref short failure
mmco: unref short failure
mmco: unref short failure
mmco: unref short failure
mmco: unref short failure
mmco: unref short failure
mmco: unref short failure
mmco: unref short failure
mmco: unref short failure
mmco: unref short failure
slurmstepd: error: *** JOB 8874173 ON gpu-compute7 CANCELLED AT 2025-04-22T23:12:27 ***
