compsci-cluster-fitz-05
Sun Mar 23 08:51:21 PM EDT 2025
Requirement already satisfied: torch in /home/users/ap794/finalCS590-text2audiovideo/venv/lib/python3.10/site-packages (from -r main_req.txt (line 1)) (2.6.0)
Requirement already satisfied: torchvision in /home/users/ap794/finalCS590-text2audiovideo/venv/lib/python3.10/site-packages (from -r main_req.txt (line 2)) (0.21.0)
Requirement already satisfied: torchaudio in /home/users/ap794/finalCS590-text2audiovideo/venv/lib/python3.10/site-packages (from -r main_req.txt (line 3)) (2.6.0)
Requirement already satisfied: filelock in /home/users/ap794/finalCS590-text2audiovideo/venv/lib/python3.10/site-packages (from torch->-r main_req.txt (line 1)) (3.18.0)
Requirement already satisfied: typing-extensions>=4.10.0 in /home/users/ap794/finalCS590-text2audiovideo/venv/lib/python3.10/site-packages (from torch->-r main_req.txt (line 1)) (4.12.2)
Requirement already satisfied: networkx in /home/users/ap794/finalCS590-text2audiovideo/venv/lib/python3.10/site-packages (from torch->-r main_req.txt (line 1)) (3.4.2)
Requirement already satisfied: jinja2 in /home/users/ap794/finalCS590-text2audiovideo/venv/lib/python3.10/site-packages (from torch->-r main_req.txt (line 1)) (3.1.6)
Requirement already satisfied: fsspec in /home/users/ap794/finalCS590-text2audiovideo/venv/lib/python3.10/site-packages (from torch->-r main_req.txt (line 1)) (2025.3.0)
Requirement already satisfied: nvidia-cuda-nvrtc-cu12==12.4.127 in /home/users/ap794/finalCS590-text2audiovideo/venv/lib/python3.10/site-packages (from torch->-r main_req.txt (line 1)) (12.4.127)
Requirement already satisfied: nvidia-cuda-runtime-cu12==12.4.127 in /home/users/ap794/finalCS590-text2audiovideo/venv/lib/python3.10/site-packages (from torch->-r main_req.txt (line 1)) (12.4.127)
Requirement already satisfied: nvidia-cuda-cupti-cu12==12.4.127 in /home/users/ap794/finalCS590-text2audiovideo/venv/lib/python3.10/site-packages (from torch->-r main_req.txt (line 1)) (12.4.127)
Requirement already satisfied: nvidia-cudnn-cu12==9.1.0.70 in /home/users/ap794/finalCS590-text2audiovideo/venv/lib/python3.10/site-packages (from torch->-r main_req.txt (line 1)) (9.1.0.70)
Requirement already satisfied: nvidia-cublas-cu12==12.4.5.8 in /home/users/ap794/finalCS590-text2audiovideo/venv/lib/python3.10/site-packages (from torch->-r main_req.txt (line 1)) (12.4.5.8)
Requirement already satisfied: nvidia-cufft-cu12==11.2.1.3 in /home/users/ap794/finalCS590-text2audiovideo/venv/lib/python3.10/site-packages (from torch->-r main_req.txt (line 1)) (11.2.1.3)
Requirement already satisfied: nvidia-curand-cu12==10.3.5.147 in /home/users/ap794/finalCS590-text2audiovideo/venv/lib/python3.10/site-packages (from torch->-r main_req.txt (line 1)) (10.3.5.147)
Requirement already satisfied: nvidia-cusolver-cu12==11.6.1.9 in /home/users/ap794/finalCS590-text2audiovideo/venv/lib/python3.10/site-packages (from torch->-r main_req.txt (line 1)) (11.6.1.9)
Requirement already satisfied: nvidia-cusparse-cu12==12.3.1.170 in /home/users/ap794/finalCS590-text2audiovideo/venv/lib/python3.10/site-packages (from torch->-r main_req.txt (line 1)) (12.3.1.170)
Requirement already satisfied: nvidia-cusparselt-cu12==0.6.2 in /home/users/ap794/finalCS590-text2audiovideo/venv/lib/python3.10/site-packages (from torch->-r main_req.txt (line 1)) (0.6.2)
Requirement already satisfied: nvidia-nccl-cu12==2.21.5 in /home/users/ap794/finalCS590-text2audiovideo/venv/lib/python3.10/site-packages (from torch->-r main_req.txt (line 1)) (2.21.5)
Requirement already satisfied: nvidia-nvtx-cu12==12.4.127 in /home/users/ap794/finalCS590-text2audiovideo/venv/lib/python3.10/site-packages (from torch->-r main_req.txt (line 1)) (12.4.127)
Requirement already satisfied: nvidia-nvjitlink-cu12==12.4.127 in /home/users/ap794/finalCS590-text2audiovideo/venv/lib/python3.10/site-packages (from torch->-r main_req.txt (line 1)) (12.4.127)
Requirement already satisfied: triton==3.2.0 in /home/users/ap794/finalCS590-text2audiovideo/venv/lib/python3.10/site-packages (from torch->-r main_req.txt (line 1)) (3.2.0)
Requirement already satisfied: sympy==1.13.1 in /home/users/ap794/finalCS590-text2audiovideo/venv/lib/python3.10/site-packages (from torch->-r main_req.txt (line 1)) (1.13.1)
Requirement already satisfied: mpmath<1.4,>=1.1.0 in /home/users/ap794/finalCS590-text2audiovideo/venv/lib/python3.10/site-packages (from sympy==1.13.1->torch->-r main_req.txt (line 1)) (1.3.0)
Requirement already satisfied: numpy in /home/users/ap794/finalCS590-text2audiovideo/venv/lib/python3.10/site-packages (from torchvision->-r main_req.txt (line 2)) (1.26.4)
Requirement already satisfied: pillow!=8.3.*,>=5.3.0 in /home/users/ap794/finalCS590-text2audiovideo/venv/lib/python3.10/site-packages (from torchvision->-r main_req.txt (line 2)) (10.4.0)
Requirement already satisfied: MarkupSafe>=2.0 in /home/users/ap794/finalCS590-text2audiovideo/venv/lib/python3.10/site-packages (from jinja2->torch->-r main_req.txt (line 1)) (3.0.2)
Requirement already satisfied: appdirs>=1.4.4 in /home/users/ap794/finalCS590-text2audiovideo/venv/lib/python3.10/site-packages (from -r requirement_update.txt (line 1)) (1.4.4)
Requirement already satisfied: audioread>=3.0.0 in /home/users/ap794/finalCS590-text2audiovideo/venv/lib/python3.10/site-packages (from -r requirement_update.txt (line 2)) (3.0.1)
Requirement already satisfied: av>=10.0.0 in /home/users/ap794/finalCS590-text2audiovideo/venv/lib/python3.10/site-packages (from -r requirement_update.txt (line 3)) (14.2.0)
Requirement already satisfied: blobfile>=2.0.1 in /home/users/ap794/finalCS590-text2audiovideo/venv/lib/python3.10/site-packages (from -r requirement_update.txt (line 4)) (3.0.0)
Requirement already satisfied: brotlipy>=0.7.0 in /home/users/ap794/finalCS590-text2audiovideo/venv/lib/python3.10/site-packages (from -r requirement_update.txt (line 5)) (0.7.0)
Requirement already satisfied: certifi>=2022.12.7 in /home/users/ap794/finalCS590-text2audiovideo/venv/lib/python3.10/site-packages (from -r requirement_update.txt (line 6)) (2025.1.31)
Requirement already satisfied: cffi>=1.15.1 in /home/users/ap794/finalCS590-text2audiovideo/venv/lib/python3.10/site-packages (from -r requirement_update.txt (line 7)) (1.17.1)
Requirement already satisfied: charset-normalizer>=2.0.4 in /home/users/ap794/finalCS590-text2audiovideo/venv/lib/python3.10/site-packages (from -r requirement_update.txt (line 8)) (3.4.1)
Requirement already satisfied: click>=8.1.3 in /home/users/ap794/finalCS590-text2audiovideo/venv/lib/python3.10/site-packages (from -r requirement_update.txt (line 9)) (8.1.8)
Requirement already satisfied: cryptography>=39.0.1 in /home/users/ap794/finalCS590-text2audiovideo/venv/lib/python3.10/site-packages (from -r requirement_update.txt (line 10)) (44.0.2)
Requirement already satisfied: decorator>=4.4.2 in /home/users/ap794/finalCS590-text2audiovideo/venv/lib/python3.10/site-packages (from -r requirement_update.txt (line 11)) (5.2.1)
Requirement already satisfied: docker-pycreds>=0.4.0 in /home/users/ap794/finalCS590-text2audiovideo/venv/lib/python3.10/site-packages (from -r requirement_update.txt (line 12)) (0.4.0)
Requirement already satisfied: einops>=0.6.0 in /home/users/ap794/finalCS590-text2audiovideo/venv/lib/python3.10/site-packages (from -r requirement_update.txt (line 13)) (0.8.1)
Requirement already satisfied: einops-exts>=0.0.4 in /home/users/ap794/finalCS590-text2audiovideo/venv/lib/python3.10/site-packages (from -r requirement_update.txt (line 14)) (0.0.4)
Requirement already satisfied: filelock>=3.9.0 in /home/users/ap794/finalCS590-text2audiovideo/venv/lib/python3.10/site-packages (from -r requirement_update.txt (line 15)) (3.18.0)
Requirement already satisfied: flit_core>=3.6.0 in /home/users/ap794/finalCS590-text2audiovideo/venv/lib/python3.10/site-packages (from -r requirement_update.txt (line 16)) (3.11.0)
Requirement already satisfied: ftfy>=6.1.1 in /home/users/ap794/finalCS590-text2audiovideo/venv/lib/python3.10/site-packages (from -r requirement_update.txt (line 17)) (6.3.1)
Requirement already satisfied: gitdb>=4.0.10 in /home/users/ap794/finalCS590-text2audiovideo/venv/lib/python3.10/site-packages (from -r requirement_update.txt (line 18)) (4.0.12)
Requirement already satisfied: GitPython>=3.1.31 in /home/users/ap794/finalCS590-text2audiovideo/venv/lib/python3.10/site-packages (from -r requirement_update.txt (line 19)) (3.1.44)
Requirement already satisfied: idna>=3.4 in /home/users/ap794/finalCS590-text2audiovideo/venv/lib/python3.10/site-packages (from -r requirement_update.txt (line 20)) (3.10)
Requirement already satisfied: imageio>=2.26.0 in /home/users/ap794/finalCS590-text2audiovideo/venv/lib/python3.10/site-packages (from -r requirement_update.txt (line 21)) (2.37.0)
Requirement already satisfied: imageio-ffmpeg>=0.4.8 in /home/users/ap794/finalCS590-text2audiovideo/venv/lib/python3.10/site-packages (from -r requirement_update.txt (line 22)) (0.6.0)
Requirement already satisfied: importlib-metadata>=6.0.0 in /home/users/ap794/finalCS590-text2audiovideo/venv/lib/python3.10/site-packages (from -r requirement_update.txt (line 23)) (8.6.1)
Requirement already satisfied: joblib>=1.2.0 in /home/users/ap794/finalCS590-text2audiovideo/venv/lib/python3.10/site-packages (from -r requirement_update.txt (line 24)) (1.4.2)
Requirement already satisfied: jsonpatch>=1.32 in /home/users/ap794/finalCS590-text2audiovideo/venv/lib/python3.10/site-packages (from -r requirement_update.txt (line 25)) (1.33)
Requirement already satisfied: jsonpointer>=2.3 in /home/users/ap794/finalCS590-text2audiovideo/venv/lib/python3.10/site-packages (from -r requirement_update.txt (line 26)) (3.0.0)
Requirement already satisfied: lazy_loader>=0.1 in /home/users/ap794/finalCS590-text2audiovideo/venv/lib/python3.10/site-packages (from -r requirement_update.txt (line 27)) (0.4)
Requirement already satisfied: librosa>=0.10.0 in /home/users/ap794/finalCS590-text2audiovideo/venv/lib/python3.10/site-packages (from -r requirement_update.txt (line 28)) (0.11.0)
Requirement already satisfied: llvmlite>=0.39.1 in /home/users/ap794/finalCS590-text2audiovideo/venv/lib/python3.10/site-packages (from -r requirement_update.txt (line 29)) (0.44.0)
Requirement already satisfied: lpips>=0.1.4 in /home/users/ap794/finalCS590-text2audiovideo/venv/lib/python3.10/site-packages (from -r requirement_update.txt (line 30)) (0.1.4)
Requirement already satisfied: lxml>=4.9.2 in /home/users/ap794/finalCS590-text2audiovideo/venv/lib/python3.10/site-packages (from -r requirement_update.txt (line 31)) (5.3.1)
Requirement already satisfied: mkl-fft>=1.3.1 in /home/users/ap794/finalCS590-text2audiovideo/venv/lib/python3.10/site-packages (from -r requirement_update.txt (line 32)) (1.3.11)
Requirement already satisfied: mkl-random>=1.2.2 in /home/users/ap794/finalCS590-text2audiovideo/venv/lib/python3.10/site-packages (from -r requirement_update.txt (line 33)) (1.2.8)
Requirement already satisfied: mkl-service>=2.4.0 in /home/users/ap794/finalCS590-text2audiovideo/venv/lib/python3.10/site-packages (from -r requirement_update.txt (line 34)) (2.4.2)
Requirement already satisfied: moviepy>=1.0.3 in /home/users/ap794/finalCS590-text2audiovideo/venv/lib/python3.10/site-packages (from -r requirement_update.txt (line 35)) (2.1.2)
Requirement already satisfied: msgpack>=1.0.4 in /home/users/ap794/finalCS590-text2audiovideo/venv/lib/python3.10/site-packages (from -r requirement_update.txt (line 36)) (1.1.0)
Requirement already satisfied: networkx>=3.0 in /home/users/ap794/finalCS590-text2audiovideo/venv/lib/python3.10/site-packages (from -r requirement_update.txt (line 37)) (3.4.2)
Requirement already satisfied: numba>=0.56.4 in /home/users/ap794/finalCS590-text2audiovideo/venv/lib/python3.10/site-packages (from -r requirement_update.txt (line 38)) (0.61.0)
Requirement already satisfied: numpy>=1.23.5 in /home/users/ap794/finalCS590-text2audiovideo/venv/lib/python3.10/site-packages (from -r requirement_update.txt (line 39)) (1.26.4)
Requirement already satisfied: opencv-python>=4.7.0.72 in /home/users/ap794/finalCS590-text2audiovideo/venv/lib/python3.10/site-packages (from -r requirement_update.txt (line 40)) (4.11.0.86)
Requirement already satisfied: opencv-python-headless>=4.7.0.72 in /home/users/ap794/finalCS590-text2audiovideo/venv/lib/python3.10/site-packages (from -r requirement_update.txt (line 41)) (4.11.0.86)
Requirement already satisfied: packaging>=23.0 in /home/users/ap794/finalCS590-text2audiovideo/venv/lib/python3.10/site-packages (from -r requirement_update.txt (line 42)) (24.2)
Requirement already satisfied: pandas>=1.5.3 in /home/users/ap794/finalCS590-text2audiovideo/venv/lib/python3.10/site-packages (from -r requirement_update.txt (line 43)) (2.2.3)
Requirement already satisfied: pathtools>=0.1.2 in /home/users/ap794/finalCS590-text2audiovideo/venv/lib/python3.10/site-packages (from -r requirement_update.txt (line 44)) (0.1.2)
Requirement already satisfied: Pillow>=9.4.0 in /home/users/ap794/finalCS590-text2audiovideo/venv/lib/python3.10/site-packages (from -r requirement_update.txt (line 45)) (10.4.0)
Requirement already satisfied: pip>=23.0.1 in /home/users/ap794/finalCS590-text2audiovideo/venv/lib/python3.10/site-packages (from -r requirement_update.txt (line 46)) (25.0.1)
Requirement already satisfied: platformdirs>=3.1.0 in /home/users/ap794/finalCS590-text2audiovideo/venv/lib/python3.10/site-packages (from -r requirement_update.txt (line 47)) (4.3.7)
Requirement already satisfied: pooch>=1.7.0 in /home/users/ap794/finalCS590-text2audiovideo/venv/lib/python3.10/site-packages (from -r requirement_update.txt (line 48)) (1.8.2)
Requirement already satisfied: proglog>=0.1.10 in /home/users/ap794/finalCS590-text2audiovideo/venv/lib/python3.10/site-packages (from -r requirement_update.txt (line 49)) (0.1.10)
Requirement already satisfied: protobuf>=4.22.1 in /home/users/ap794/finalCS590-text2audiovideo/venv/lib/python3.10/site-packages (from -r requirement_update.txt (line 50)) (5.29.4)
Requirement already satisfied: psutil>=5.9.4 in /home/users/ap794/finalCS590-text2audiovideo/venv/lib/python3.10/site-packages (from -r requirement_update.txt (line 51)) (7.0.0)
Requirement already satisfied: pycparser>=2.21 in /home/users/ap794/finalCS590-text2audiovideo/venv/lib/python3.10/site-packages (from -r requirement_update.txt (line 52)) (2.22)
Requirement already satisfied: pycryptodomex>=3.17 in /home/users/ap794/finalCS590-text2audiovideo/venv/lib/python3.10/site-packages (from -r requirement_update.txt (line 53)) (3.22.0)
Requirement already satisfied: pyOpenSSL>=23.0.0 in /home/users/ap794/finalCS590-text2audiovideo/venv/lib/python3.10/site-packages (from -r requirement_update.txt (line 54)) (25.0.0)
Requirement already satisfied: PySocks>=1.7.1 in /home/users/ap794/finalCS590-text2audiovideo/venv/lib/python3.10/site-packages (from -r requirement_update.txt (line 55)) (1.7.1)
Requirement already satisfied: python-dateutil>=2.8.2 in /home/users/ap794/finalCS590-text2audiovideo/venv/lib/python3.10/site-packages (from -r requirement_update.txt (line 56)) (2.9.0.post0)
Requirement already satisfied: pytorch-ignite>=0.4.11 in /home/users/ap794/finalCS590-text2audiovideo/venv/lib/python3.10/site-packages (from -r requirement_update.txt (line 57)) (0.5.1)
Requirement already satisfied: pytz>=2022.7.1 in /home/users/ap794/finalCS590-text2audiovideo/venv/lib/python3.10/site-packages (from -r requirement_update.txt (line 58)) (2025.1)
Requirement already satisfied: PyYAML>=6.0 in /home/users/ap794/finalCS590-text2audiovideo/venv/lib/python3.10/site-packages (from -r requirement_update.txt (line 59)) (6.0.2)
Requirement already satisfied: regex>=2022.10.31 in /home/users/ap794/finalCS590-text2audiovideo/venv/lib/python3.10/site-packages (from -r requirement_update.txt (line 60)) (2024.11.6)
Requirement already satisfied: requests>=2.28.1 in /home/users/ap794/finalCS590-text2audiovideo/venv/lib/python3.10/site-packages (from -r requirement_update.txt (line 61)) (2.32.3)
Requirement already satisfied: scikit-learn>=1.2.1 in /home/users/ap794/finalCS590-text2audiovideo/venv/lib/python3.10/site-packages (from -r requirement_update.txt (line 62)) (1.6.1)
Requirement already satisfied: scipy>=1.10.1 in /home/users/ap794/finalCS590-text2audiovideo/venv/lib/python3.10/site-packages (from -r requirement_update.txt (line 63)) (1.15.2)
Requirement already satisfied: sentry-sdk>=1.16.0 in /home/users/ap794/finalCS590-text2audiovideo/venv/lib/python3.10/site-packages (from -r requirement_update.txt (line 64)) (2.24.0)
Requirement already satisfied: setproctitle>=1.3.2 in /home/users/ap794/finalCS590-text2audiovideo/venv/lib/python3.10/site-packages (from -r requirement_update.txt (line 65)) (1.3.5)
Requirement already satisfied: setuptools>=65.6.3 in /home/users/ap794/finalCS590-text2audiovideo/venv/lib/python3.10/site-packages (from -r requirement_update.txt (line 66)) (77.0.3)
Requirement already satisfied: six>=1.16.0 in /home/users/ap794/finalCS590-text2audiovideo/venv/lib/python3.10/site-packages (from -r requirement_update.txt (line 67)) (1.17.0)
Requirement already satisfied: smmap>=5.0.0 in /home/users/ap794/finalCS590-text2audiovideo/venv/lib/python3.10/site-packages (from -r requirement_update.txt (line 68)) (5.0.2)
Requirement already satisfied: soundfile>=0.12.1 in /home/users/ap794/finalCS590-text2audiovideo/venv/lib/python3.10/site-packages (from -r requirement_update.txt (line 69)) (0.13.1)
Requirement already satisfied: soxr>=0.3.4 in /home/users/ap794/finalCS590-text2audiovideo/venv/lib/python3.10/site-packages (from -r requirement_update.txt (line 70)) (0.5.0.post1)
Requirement already satisfied: termcolor>=2.2.0 in /home/users/ap794/finalCS590-text2audiovideo/venv/lib/python3.10/site-packages (from -r requirement_update.txt (line 71)) (2.5.0)
Requirement already satisfied: threadpoolctl>=3.1.0 in /home/users/ap794/finalCS590-text2audiovideo/venv/lib/python3.10/site-packages (from -r requirement_update.txt (line 72)) (3.6.0)
Requirement already satisfied: tornado>=6.2 in /home/users/ap794/finalCS590-text2audiovideo/venv/lib/python3.10/site-packages (from -r requirement_update.txt (line 73)) (6.4.2)
Requirement already satisfied: tqdm>=4.65.0 in /home/users/ap794/finalCS590-text2audiovideo/venv/lib/python3.10/site-packages (from -r requirement_update.txt (line 74)) (4.67.1)
Requirement already satisfied: typing_extensions>=4.4.0 in /home/users/ap794/finalCS590-text2audiovideo/venv/lib/python3.10/site-packages (from -r requirement_update.txt (line 75)) (4.12.2)
Requirement already satisfied: urllib3>=1.26.14 in /home/users/ap794/finalCS590-text2audiovideo/venv/lib/python3.10/site-packages (from -r requirement_update.txt (line 76)) (2.3.0)
Requirement already satisfied: visdom>=0.2.4 in /home/users/ap794/finalCS590-text2audiovideo/venv/lib/python3.10/site-packages (from -r requirement_update.txt (line 77)) (0.2.4)
Requirement already satisfied: wandb>=0.13.11 in /home/users/ap794/finalCS590-text2audiovideo/venv/lib/python3.10/site-packages (from -r requirement_update.txt (line 78)) (0.19.8)
Requirement already satisfied: wcwidth>=0.2.6 in /home/users/ap794/finalCS590-text2audiovideo/venv/lib/python3.10/site-packages (from -r requirement_update.txt (line 79)) (0.2.13)
Requirement already satisfied: websocket-client>=1.5.1 in /home/users/ap794/finalCS590-text2audiovideo/venv/lib/python3.10/site-packages (from -r requirement_update.txt (line 80)) (1.8.0)
Requirement already satisfied: wheel>=0.38.4 in /home/users/ap794/finalCS590-text2audiovideo/venv/lib/python3.10/site-packages (from -r requirement_update.txt (line 81)) (0.45.1)
Requirement already satisfied: xmltodict>=0.13.0 in /home/users/ap794/finalCS590-text2audiovideo/venv/lib/python3.10/site-packages (from -r requirement_update.txt (line 82)) (0.14.2)
Requirement already satisfied: zipp>=3.15.0 in /home/users/ap794/finalCS590-text2audiovideo/venv/lib/python3.10/site-packages (from -r requirement_update.txt (line 83)) (3.21.0)
Requirement already satisfied: mpi4py in /home/users/ap794/finalCS590-text2audiovideo/venv/lib/python3.10/site-packages (from -r requirement_update.txt (line 84)) (4.0.3)
Requirement already satisfied: torch>=0.4.0 in /home/users/ap794/finalCS590-text2audiovideo/venv/lib/python3.10/site-packages (from lpips>=0.1.4->-r requirement_update.txt (line 30)) (2.6.0)
Requirement already satisfied: torchvision>=0.2.1 in /home/users/ap794/finalCS590-text2audiovideo/venv/lib/python3.10/site-packages (from lpips>=0.1.4->-r requirement_update.txt (line 30)) (0.21.0)
Requirement already satisfied: mkl in /home/users/ap794/finalCS590-text2audiovideo/venv/lib/python3.10/site-packages (from mkl-fft>=1.3.1->-r requirement_update.txt (line 32)) (2025.1.0)
Requirement already satisfied: python-dotenv>=0.10 in /home/users/ap794/finalCS590-text2audiovideo/venv/lib/python3.10/site-packages (from moviepy>=1.0.3->-r requirement_update.txt (line 35)) (1.0.1)
Requirement already satisfied: tzdata>=2022.7 in /home/users/ap794/finalCS590-text2audiovideo/venv/lib/python3.10/site-packages (from pandas>=1.5.3->-r requirement_update.txt (line 43)) (2025.2)
Requirement already satisfied: pydantic<3,>=2.6 in /home/users/ap794/finalCS590-text2audiovideo/venv/lib/python3.10/site-packages (from wandb>=0.13.11->-r requirement_update.txt (line 78)) (2.10.6)
Requirement already satisfied: annotated-types>=0.6.0 in /home/users/ap794/finalCS590-text2audiovideo/venv/lib/python3.10/site-packages (from pydantic<3,>=2.6->wandb>=0.13.11->-r requirement_update.txt (line 78)) (0.7.0)
Requirement already satisfied: pydantic-core==2.27.2 in /home/users/ap794/finalCS590-text2audiovideo/venv/lib/python3.10/site-packages (from pydantic<3,>=2.6->wandb>=0.13.11->-r requirement_update.txt (line 78)) (2.27.2)
Requirement already satisfied: jinja2 in /home/users/ap794/finalCS590-text2audiovideo/venv/lib/python3.10/site-packages (from torch>=0.4.0->lpips>=0.1.4->-r requirement_update.txt (line 30)) (3.1.6)
Requirement already satisfied: fsspec in /home/users/ap794/finalCS590-text2audiovideo/venv/lib/python3.10/site-packages (from torch>=0.4.0->lpips>=0.1.4->-r requirement_update.txt (line 30)) (2025.3.0)
Requirement already satisfied: nvidia-cuda-nvrtc-cu12==12.4.127 in /home/users/ap794/finalCS590-text2audiovideo/venv/lib/python3.10/site-packages (from torch>=0.4.0->lpips>=0.1.4->-r requirement_update.txt (line 30)) (12.4.127)
Requirement already satisfied: nvidia-cuda-runtime-cu12==12.4.127 in /home/users/ap794/finalCS590-text2audiovideo/venv/lib/python3.10/site-packages (from torch>=0.4.0->lpips>=0.1.4->-r requirement_update.txt (line 30)) (12.4.127)
Requirement already satisfied: nvidia-cuda-cupti-cu12==12.4.127 in /home/users/ap794/finalCS590-text2audiovideo/venv/lib/python3.10/site-packages (from torch>=0.4.0->lpips>=0.1.4->-r requirement_update.txt (line 30)) (12.4.127)
Requirement already satisfied: nvidia-cudnn-cu12==9.1.0.70 in /home/users/ap794/finalCS590-text2audiovideo/venv/lib/python3.10/site-packages (from torch>=0.4.0->lpips>=0.1.4->-r requirement_update.txt (line 30)) (9.1.0.70)
Requirement already satisfied: nvidia-cublas-cu12==12.4.5.8 in /home/users/ap794/finalCS590-text2audiovideo/venv/lib/python3.10/site-packages (from torch>=0.4.0->lpips>=0.1.4->-r requirement_update.txt (line 30)) (12.4.5.8)
Requirement already satisfied: nvidia-cufft-cu12==11.2.1.3 in /home/users/ap794/finalCS590-text2audiovideo/venv/lib/python3.10/site-packages (from torch>=0.4.0->lpips>=0.1.4->-r requirement_update.txt (line 30)) (11.2.1.3)
Requirement already satisfied: nvidia-curand-cu12==10.3.5.147 in /home/users/ap794/finalCS590-text2audiovideo/venv/lib/python3.10/site-packages (from torch>=0.4.0->lpips>=0.1.4->-r requirement_update.txt (line 30)) (10.3.5.147)
Requirement already satisfied: nvidia-cusolver-cu12==11.6.1.9 in /home/users/ap794/finalCS590-text2audiovideo/venv/lib/python3.10/site-packages (from torch>=0.4.0->lpips>=0.1.4->-r requirement_update.txt (line 30)) (11.6.1.9)
Requirement already satisfied: nvidia-cusparse-cu12==12.3.1.170 in /home/users/ap794/finalCS590-text2audiovideo/venv/lib/python3.10/site-packages (from torch>=0.4.0->lpips>=0.1.4->-r requirement_update.txt (line 30)) (12.3.1.170)
Requirement already satisfied: nvidia-cusparselt-cu12==0.6.2 in /home/users/ap794/finalCS590-text2audiovideo/venv/lib/python3.10/site-packages (from torch>=0.4.0->lpips>=0.1.4->-r requirement_update.txt (line 30)) (0.6.2)
Requirement already satisfied: nvidia-nccl-cu12==2.21.5 in /home/users/ap794/finalCS590-text2audiovideo/venv/lib/python3.10/site-packages (from torch>=0.4.0->lpips>=0.1.4->-r requirement_update.txt (line 30)) (2.21.5)
Requirement already satisfied: nvidia-nvtx-cu12==12.4.127 in /home/users/ap794/finalCS590-text2audiovideo/venv/lib/python3.10/site-packages (from torch>=0.4.0->lpips>=0.1.4->-r requirement_update.txt (line 30)) (12.4.127)
Requirement already satisfied: nvidia-nvjitlink-cu12==12.4.127 in /home/users/ap794/finalCS590-text2audiovideo/venv/lib/python3.10/site-packages (from torch>=0.4.0->lpips>=0.1.4->-r requirement_update.txt (line 30)) (12.4.127)
Requirement already satisfied: triton==3.2.0 in /home/users/ap794/finalCS590-text2audiovideo/venv/lib/python3.10/site-packages (from torch>=0.4.0->lpips>=0.1.4->-r requirement_update.txt (line 30)) (3.2.0)
Requirement already satisfied: sympy==1.13.1 in /home/users/ap794/finalCS590-text2audiovideo/venv/lib/python3.10/site-packages (from torch>=0.4.0->lpips>=0.1.4->-r requirement_update.txt (line 30)) (1.13.1)
Requirement already satisfied: mpmath<1.4,>=1.1.0 in /home/users/ap794/finalCS590-text2audiovideo/venv/lib/python3.10/site-packages (from sympy==1.13.1->torch>=0.4.0->lpips>=0.1.4->-r requirement_update.txt (line 30)) (1.3.0)
Requirement already satisfied: intel-openmp<2026,>=2024 in /home/users/ap794/finalCS590-text2audiovideo/venv/lib/python3.10/site-packages (from mkl->mkl-fft>=1.3.1->-r requirement_update.txt (line 32)) (2025.1.0)
Requirement already satisfied: tbb==2022.* in /home/users/ap794/finalCS590-text2audiovideo/venv/lib/python3.10/site-packages (from mkl->mkl-fft>=1.3.1->-r requirement_update.txt (line 32)) (2022.1.0)
Requirement already satisfied: tcmlib==1.* in /home/users/ap794/finalCS590-text2audiovideo/venv/lib/python3.10/site-packages (from tbb==2022.*->mkl->mkl-fft>=1.3.1->-r requirement_update.txt (line 32)) (1.3.0)
Requirement already satisfied: intel-cmplr-lib-ur==2025.1.0 in /home/users/ap794/finalCS590-text2audiovideo/venv/lib/python3.10/site-packages (from intel-openmp<2026,>=2024->mkl->mkl-fft>=1.3.1->-r requirement_update.txt (line 32)) (2025.1.0)
Requirement already satisfied: umf==0.10.* in /home/users/ap794/finalCS590-text2audiovideo/venv/lib/python3.10/site-packages (from intel-cmplr-lib-ur==2025.1.0->intel-openmp<2026,>=2024->mkl->mkl-fft>=1.3.1->-r requirement_update.txt (line 32)) (0.10.0)
Requirement already satisfied: MarkupSafe>=2.0 in /home/users/ap794/finalCS590-text2audiovideo/venv/lib/python3.10/site-packages (from jinja2->torch>=0.4.0->lpips>=0.1.4->-r requirement_update.txt (line 30)) (3.0.2)
Sun Mar 23 20:51:25 2025       
+-----------------------------------------------------------------------------------------+
| NVIDIA-SMI 550.144.03             Driver Version: 550.144.03     CUDA Version: 12.4     |
|-----------------------------------------+------------------------+----------------------+
| GPU  Name                 Persistence-M | Bus-Id          Disp.A | Volatile Uncorr. ECC |
| Fan  Temp   Perf          Pwr:Usage/Cap |           Memory-Usage | GPU-Util  Compute M. |
|                                         |                        |               MIG M. |
|=========================================+========================+======================|
|   0  NVIDIA RTX A6000               Off |   00000000:CA:00.0 Off |                  Off |
| 30%   32C    P8             16W /  300W |       2MiB /  49140MiB |      0%      Default |
|                                         |                        |                  N/A |
+-----------------------------------------+------------------------+----------------------+
                                                                                         
+-----------------------------------------------------------------------------------------+
| Processes:                                                                              |
|  GPU   GI   CI        PID   Type   Process name                              GPU Memory |
|        ID   ID                                                               Usage      |
|=========================================================================================|
|  No running processes found                                                             |
+-----------------------------------------------------------------------------------------+
Logging to ./output/dpm_solver
Effective parameters:
  <<< all_save_num: 64
  <<< audio_attention_resolutions: -1
  <<< audio_fps: 16000
  <<< audio_size: [1, 25600]
  <<< audio_type: 1d
  <<< batch_size: 4
  <<< channel_mult: 
  <<< class_cond: False
  <<< classifier_scale: 0
  <<< clip_denoised: True
  <<< cross_attention_resolutions: 2,4,8
  <<< cross_attention_shift: True
  <<< cross_attention_windows: 1,4,8
  <<< devices: 0,1,2,3
  <<< diffusion_steps: 1000
  <<< dropout: 0.0
  <<< is_strict: True
  <<< large_size: 256
  <<< learn_sigma: False
  <<< load_noise: 
  <<< multimodal_model_path: ./data10/models/AIST++.pt
  <<< noise_schedule: linear
  <<< num_channels: 128
  <<< num_head_channels: 64
  <<< num_heads: 4
  <<< num_heads_upsample: -1
  <<< num_res_blocks: 2
  <<< output_dir: ./output/dpm_solver
  <<< predict_xstart: False
  <<< ref_path: ./data10/AIST++_crop/train
  <<< resblock_updown: True
  <<< rescale_learned_sigmas: False
  <<< rescale_timesteps: False
  <<< sample_fn: dpm_solver
  <<< save_type: mp4
  <<< seed: 42
  <<< small_size: 64
  <<< sr_attention_resolutions: 8,16,32
  <<< sr_class_cond: False
  <<< sr_diffusion_steps: 1000
  <<< sr_dropout: 0.0
  <<< sr_learn_sigma: True
  <<< sr_model_path: ./data10/models/AIST++_SR.pt
  <<< sr_num_channels: 192
  <<< sr_num_head_channels: -1
  <<< sr_num_heads: 4
  <<< sr_num_heads_upsample: -1
  <<< sr_num_res_blocks: 2
  <<< sr_resblock_updown: True
  <<< sr_sample_fn: ddim
  <<< sr_timestep_respacing: ddim25
  <<< sr_use_scale_shift_norm: True
  <<< timestep_respacing: 
  <<< use_checkpoint: False
  <<< use_fp16: True
  <<< use_kl: False
  <<< use_scale_shift_norm: True
  <<< video_attention_resolutions: 2,4,8
  <<< video_fps: 10
  <<< video_size: [16, 3, 64, 64]
  <<< video_type: 2d+1d
creating model and diffusion...
models waiting to be evaluated:['./data10/models/AIST++.pt']
**********keys not initialize in model***********
**********keys not used in state_dict***********
sampling samples for ./data10/models/AIST++.pt
[rank0]: Traceback (most recent call last):
[rank0]:   File "/home/users/ap794/finalCS590-text2audiovideo/MM-Diffusion/py_scripts/multimodal_sample_sr.py", line 309, in <module>
[rank0]:     main()
[rank0]:   File "/home/users/ap794/finalCS590-text2audiovideo/MM-Diffusion/py_scripts/multimodal_sample_sr.py", line 180, in main
[rank0]:     save_multimodal(video, audio, video_output_path, args)
[rank0]:   File "/home/users/ap794/finalCS590-text2audiovideo/MM-Diffusion/mm_diffusion/common.py", line 52, in save_multimodal
[rank0]:     video_clip = video_clip.set_audio(audio_clip)   
[rank0]: AttributeError: 'ImageSequenceClip' object has no attribute 'set_audio'. Did you mean: 'with_audio'?
[rank0]:[W323 20:52:04.191637215 ProcessGroupNCCL.cpp:1496] Warning: WARNING: destroy_process_group() was not called before program exit, which can leak resources. For more info, please see https://pytorch.org/docs/stable/distributed.html#shutdown (function operator())
--------------------------------------------------------------------------
Primary job  terminated normally, but 1 process returned
a non-zero exit code. Per user-direction, the job has been aborted.
--------------------------------------------------------------------------
--------------------------------------------------------------------------
mpiexec detected that one or more processes exited with non-zero status, thus causing
the job to be terminated. The first process to do so was:

  Process name: [[65131,1],0]
  Exit code:    1
--------------------------------------------------------------------------
srun: error: compsci-cluster-fitz-05: task 0: Exited with exit code 1
