compsci-cluster-fitz-09
compsci-cluster-fitz-10
compsci-cluster-fitz-12
compsci-cluster-fitz-11
Mon Apr 28 08:32:30 PM EDT 2025
Mon Apr 28 08:32:30 PM EDT 2025
Mon Apr 28 08:32:30 PM EDT 2025
Mon Apr 28 08:32:30 PM EDT 2025
Mon Apr 28 20:32:31 2025       
+-----------------------------------------------------------------------------------------+
| NVIDIA-SMI 550.127.08             Driver Version: 550.127.08     CUDA Version: 12.4     |
|-----------------------------------------+------------------------+----------------------+
| GPU  Name                 Persistence-M | Bus-Id          Disp.A | Volatile Uncorr. ECC |
| Fan  Temp   Perf          Pwr:Usage/Cap |           Memory-Usage | GPU-Util  Compute M. |
|                                         |                        |               MIG M. |
|=========================================+========================+======================|
|   0  NVIDIA RTX A5000               Off |   00000000:17:00.0 Off |                  Off |
| 30%   15C    P8             15W /  230W |       2MiB /  24564MiB |      0%      Default |
|                                         |                        |                  N/A |
+-----------------------------------------+------------------------+----------------------+
|   1  NVIDIA RTX A5000               Off |   00000000:31:00.0 Off |                  Off |
| 30%   16C    P8             14W /  230W |       2MiB /  24564MiB |      0%      Default |
|                                         |                        |                  N/A |
+-----------------------------------------+------------------------+----------------------+
Mon Apr 28 20:32:31 2025       
+-----------------------------------------------------------------------------------------+
| NVIDIA-SMI 550.144.03             Driver Version: 550.144.03     CUDA Version: 12.4     |
|-----------------------------------------+------------------------+----------------------+
| GPU  Name                 Persistence-M | Bus-Id          Disp.A | Volatile Uncorr. ECC |
| Fan  Temp   Perf          Pwr:Usage/Cap |           Memory-Usage | GPU-Util  Compute M. |
|                                         |                        |               MIG M. |
|=========================================+========================+======================|
|   2  NVIDIA RTX A5000               Off |   00000000:B1:00.0 Off |                  Off |
| 30%   14C    P8             18W /  230W |       2MiB /  24564MiB |      0%      Default |
|                                         |                        |                  N/A |
+-----------------------------------------+------------------------+----------------------+
Mon Apr 28 20:32:31 2025       
+-----------------------------------------------------------------------------------------+
| NVIDIA-SMI 550.127.08             Driver Version: 550.127.08     CUDA Version: 12.4     |
|-----------------------------------------+------------------------+----------------------+
| GPU  Name                 Persistence-M | Bus-Id          Disp.A | Volatile Uncorr. ECC |
| Fan  Temp   Perf          Pwr:Usage/Cap |           Memory-Usage | GPU-Util  Compute M. |
|                                         |                        |               MIG M. |
|=========================================+========================+======================|
|   3  NVIDIA RTX A5000               Off |   00000000:CA:00.0 Off |                  Off |
| 30%   14C    P8             15W /  230W |       2MiB /  24564MiB |      0%      Default |
|                                         |                        |                  N/A |
+-----------------------------------------+------------------------+----------------------+
|   0  NVIDIA RTX A5000               Off |   00000000:17:00.0 Off |                  Off |
| 30%   15C    P8             18W /  230W |       2MiB /  24564MiB |      0%      Default |
|                                         |                        |                  N/A |
+-----------------------------------------+------------------------+----------------------+
                                                                                         
+-----------------------------------------------------------------------------------------+
| Processes:                                                                              |
|  GPU   GI   CI        PID   Type   Process name                              GPU Memory |
|        ID   ID                                                               Usage      |
|=========================================================================================|
|   1  NVIDIA RTX A5000               Off |   00000000:31:00.0 Off |                  Off |
| 30%   16C    P8             23W /  230W |       2MiB /  24564MiB |      0%      Default |
|                                         |                        |                  N/A |
+-----------------------------------------+------------------------+----------------------+
|  No running processes found                                                             |
+-----------------------------------------------------------------------------------------+
|   2  NVIDIA RTX A5000               Off |   00000000:B1:00.0 Off |                  Off |
| 30%   21C    P8             20W /  230W |       2MiB /  24564MiB |      0%      Default |
|                                         |                        |                  N/A |
+-----------------------------------------+------------------------+----------------------+
|   3  NVIDIA RTX A5000               Off |   00000000:CA:00.0 Off |                  Off |
| 30%   21C    P8             21W /  230W |       2MiB /  24564MiB |      0%      Default |
|                                         |                        |                  N/A |
+-----------------------------------------+------------------------+----------------------+
                                                                                         
+-----------------------------------------------------------------------------------------+
| Processes:                                                                              |
|  GPU   GI   CI        PID   Type   Process name                              GPU Memory |
|        ID   ID                                                               Usage      |
|=========================================================================================|
|  No running processes found                                                             |
+-----------------------------------------------------------------------------------------+
|   0  NVIDIA RTX A5000               Off |   00000000:17:00.0 Off |                  Off |
| 30%   16C    P8             16W /  230W |       2MiB /  24564MiB |      0%      Default |
|                                         |                        |                  N/A |
+-----------------------------------------+------------------------+----------------------+
|   1  NVIDIA RTX A5000               Off |   00000000:31:00.0 Off |                  Off |
| 30%   16C    P8             19W /  230W |       2MiB /  24564MiB |      0%      Default |
|                                         |                        |                  N/A |
+-----------------------------------------+------------------------+----------------------+
|   2  NVIDIA RTX A5000               Off |   00000000:B1:00.0 Off |                  Off |
| 30%   20C    P8             16W /  230W |       2MiB /  24564MiB |      0%      Default |
|                                         |                        |                  N/A |
+-----------------------------------------+------------------------+----------------------+
Mon Apr 28 20:32:31 2025       
+-----------------------------------------------------------------------------------------+
| NVIDIA-SMI 550.144.03             Driver Version: 550.144.03     CUDA Version: 12.4     |
|-----------------------------------------+------------------------+----------------------+
| GPU  Name                 Persistence-M | Bus-Id          Disp.A | Volatile Uncorr. ECC |
| Fan  Temp   Perf          Pwr:Usage/Cap |           Memory-Usage | GPU-Util  Compute M. |
|                                         |                        |               MIG M. |
|=========================================+========================+======================|
|   3  NVIDIA RTX A5000               Off |   00000000:CA:00.0 Off |                  Off |
| 30%   20C    P8             18W /  230W |       2MiB /  24564MiB |      0%      Default |
|                                         |                        |                  N/A |
+-----------------------------------------+------------------------+----------------------+
                                                                                         
+-----------------------------------------------------------------------------------------+
| Processes:                                                                              |
|  GPU   GI   CI        PID   Type   Process name                              GPU Memory |
|        ID   ID                                                               Usage      |
|=========================================================================================|
|   0  NVIDIA RTX A5000               Off |   00000000:17:00.0 Off |                  Off |
| 30%   16C    P8             15W /  230W |       2MiB /  24564MiB |      0%      Default |
|                                         |                        |                  N/A |
+-----------------------------------------+------------------------+----------------------+
|  No running processes found                                                             |
+-----------------------------------------------------------------------------------------+
|   1  NVIDIA RTX A5000               Off |   00000000:31:00.0 Off |                  Off |
| 30%   17C    P8             21W /  230W |       2MiB /  24564MiB |      0%      Default |
|                                         |                        |                  N/A |
+-----------------------------------------+------------------------+----------------------+
|   2  NVIDIA RTX A5000               Off |   00000000:B1:00.0 Off |                  Off |
| 30%   17C    P8             22W /  230W |       2MiB /  24564MiB |      0%      Default |
|                                         |                        |                  N/A |
+-----------------------------------------+------------------------+----------------------+
|   3  NVIDIA RTX A5000               Off |   00000000:CA:00.0 Off |                  Off |
| 30%   16C    P8             17W /  230W |       2MiB /  24564MiB |      0%      Default |
|                                         |                        |                  N/A |
+-----------------------------------------+------------------------+----------------------+
                                                                                         
+-----------------------------------------------------------------------------------------+
| Processes:                                                                              |
|  GPU   GI   CI        PID   Type   Process name                              GPU Memory |
|        ID   ID                                                               Usage      |
|=========================================================================================|
|  No running processes found                                                             |
+-----------------------------------------------------------------------------------------+
Running command: torchrun --nproc_per_node=1                   --nnodes=4                   --node_rank=1                   --master_addr=compsci-cluster-fitz-09                   --master_port=2012 distributed_training.py --rank 1 --world_size 4
Running command: torchrun --nproc_per_node=1                   --nnodes=4                   --node_rank=3                   --master_addr=compsci-cluster-fitz-09                   --master_port=2012 distributed_training.py --rank 3 --world_size 4
Running command: torchrun --nproc_per_node=1                   --nnodes=4                   --node_rank=2                   --master_addr=compsci-cluster-fitz-09                   --master_port=2012 distributed_training.py --rank 2 --world_size 4
Running command: torchrun --nproc_per_node=1                   --nnodes=4                   --node_rank=0                   --master_addr=compsci-cluster-fitz-09                   --master_port=2012 distributed_training.py --rank 0 --world_size 4
/home/users/ap794/finalCS590-text2audiovideo/venv/bin/python3: can't open file '/home/users/ap794/finalCS590-text2audiovideo/MM-Diffusion/distributed_training.py': [Errno 2] No such file or directory
/home/users/ap794/finalCS590-text2audiovideo/venv/bin/python3: can't open file '/home/users/ap794/finalCS590-text2audiovideo/MM-Diffusion/distributed_training.py': [Errno 2] No such file or directory
/home/users/ap794/finalCS590-text2audiovideo/venv/bin/python3: can't open file '/home/users/ap794/finalCS590-text2audiovideo/MM-Diffusion/distributed_training.py': [Errno 2] No such file or directory
/home/users/ap794/finalCS590-text2audiovideo/venv/bin/python3: can't open file '/home/users/ap794/finalCS590-text2audiovideo/MM-Diffusion/distributed_training.py': [Errno 2] No such file or directory
E0428 20:32:36.434000 3279954 torch/distributed/elastic/multiprocessing/api.py:869] failed (exitcode: 2) local_rank: 0 (pid: 3279957) of binary: /home/users/ap794/finalCS590-text2audiovideo/venv/bin/python3
E0428 20:32:36.435000 2139428 torch/distributed/elastic/multiprocessing/api.py:869] failed (exitcode: 2) local_rank: 0 (pid: 2139433) of binary: /home/users/ap794/finalCS590-text2audiovideo/venv/bin/python3
E0428 20:32:36.435000 2903910 torch/distributed/elastic/multiprocessing/api.py:869] failed (exitcode: 2) local_rank: 0 (pid: 2903914) of binary: /home/users/ap794/finalCS590-text2audiovideo/venv/bin/python3
E0428 20:32:36.435000 1752277 torch/distributed/elastic/multiprocessing/api.py:869] failed (exitcode: 2) local_rank: 0 (pid: 1752281) of binary: /home/users/ap794/finalCS590-text2audiovideo/venv/bin/python3
Traceback (most recent call last):
  File "/home/users/ap794/finalCS590-text2audiovideo/venv/bin/torchrun", line 8, in <module>
Traceback (most recent call last):
  File "/home/users/ap794/finalCS590-text2audiovideo/venv/bin/torchrun", line 8, in <module>
    sys.exit(main())
  File "/home/users/ap794/finalCS590-text2audiovideo/venv/lib/python3.10/site-packages/torch/distributed/elastic/multiprocessing/errors/__init__.py", line 355, in wrapper
Traceback (most recent call last):
  File "/home/users/ap794/finalCS590-text2audiovideo/venv/bin/torchrun", line 8, in <module>
Traceback (most recent call last):
  File "/home/users/ap794/finalCS590-text2audiovideo/venv/bin/torchrun", line 8, in <module>
    sys.exit(main())
  File "/home/users/ap794/finalCS590-text2audiovideo/venv/lib/python3.10/site-packages/torch/distributed/elastic/multiprocessing/errors/__init__.py", line 355, in wrapper
    sys.exit(main())
  File "/home/users/ap794/finalCS590-text2audiovideo/venv/lib/python3.10/site-packages/torch/distributed/elastic/multiprocessing/errors/__init__.py", line 355, in wrapper
    sys.exit(main())
  File "/home/users/ap794/finalCS590-text2audiovideo/venv/lib/python3.10/site-packages/torch/distributed/elastic/multiprocessing/errors/__init__.py", line 355, in wrapper
    return f(*args, **kwargs)
  File "/home/users/ap794/finalCS590-text2audiovideo/venv/lib/python3.10/site-packages/torch/distributed/run.py", line 918, in main
    return f(*args, **kwargs)
  File "/home/users/ap794/finalCS590-text2audiovideo/venv/lib/python3.10/site-packages/torch/distributed/run.py", line 918, in main
    return f(*args, **kwargs)
  File "/home/users/ap794/finalCS590-text2audiovideo/venv/lib/python3.10/site-packages/torch/distributed/run.py", line 918, in main
    run(args)
  File "/home/users/ap794/finalCS590-text2audiovideo/venv/lib/python3.10/site-packages/torch/distributed/run.py", line 909, in run
    return f(*args, **kwargs)
  File "/home/users/ap794/finalCS590-text2audiovideo/venv/lib/python3.10/site-packages/torch/distributed/run.py", line 918, in main
    elastic_launch(
  File "/home/users/ap794/finalCS590-text2audiovideo/venv/lib/python3.10/site-packages/torch/distributed/launcher/api.py", line 138, in __call__
    run(args)
  File "/home/users/ap794/finalCS590-text2audiovideo/venv/lib/python3.10/site-packages/torch/distributed/run.py", line 909, in run
    return launch_agent(self._config, self._entrypoint, list(args))
  File "/home/users/ap794/finalCS590-text2audiovideo/venv/lib/python3.10/site-packages/torch/distributed/launcher/api.py", line 269, in launch_agent
    elastic_launch(
  File "/home/users/ap794/finalCS590-text2audiovideo/venv/lib/python3.10/site-packages/torch/distributed/launcher/api.py", line 138, in __call__
    run(args)
  File "/home/users/ap794/finalCS590-text2audiovideo/venv/lib/python3.10/site-packages/torch/distributed/run.py", line 909, in run
    run(args)
  File "/home/users/ap794/finalCS590-text2audiovideo/venv/lib/python3.10/site-packages/torch/distributed/run.py", line 909, in run
    raise ChildFailedError(
torch.distributed.elastic.multiprocessing.errors.ChildFailedError: 
============================================================
distributed_training.py FAILED
------------------------------------------------------------
Failures:
  <NO_OTHER_FAILURES>
------------------------------------------------------------
Root Cause (first observed failure):
[0]:
  time      : 2025-04-28_20:32:36
  host      : compsci-cluster-fitz-09.cs.duke.edu.
  rank      : 0 (local_rank: 0)
  exitcode  : 2 (pid: 3279957)
  error_file: <N/A>
  traceback : To enable traceback see: https://pytorch.org/docs/stable/elastic/errors.html
============================================================
    elastic_launch(
  File "/home/users/ap794/finalCS590-text2audiovideo/venv/lib/python3.10/site-packages/torch/distributed/launcher/api.py", line 138, in __call__
    elastic_launch(
  File "/home/users/ap794/finalCS590-text2audiovideo/venv/lib/python3.10/site-packages/torch/distributed/launcher/api.py", line 138, in __call__
    return launch_agent(self._config, self._entrypoint, list(args))
  File "/home/users/ap794/finalCS590-text2audiovideo/venv/lib/python3.10/site-packages/torch/distributed/launcher/api.py", line 269, in launch_agent
    raise ChildFailedError(
torch.distributed.elastic.multiprocessing.errors.ChildFailedError: 
============================================================
distributed_training.py FAILED
------------------------------------------------------------
Failures:
  <NO_OTHER_FAILURES>
------------------------------------------------------------
Root Cause (first observed failure):
[0]:
  time      : 2025-04-28_20:32:36
  host      : compsci-cluster-fitz-10.cs.duke.edu.
  rank      : 1 (local_rank: 0)
  exitcode  : 2 (pid: 2903914)
  error_file: <N/A>
  traceback : To enable traceback see: https://pytorch.org/docs/stable/elastic/errors.html
============================================================
    return launch_agent(self._config, self._entrypoint, list(args))
  File "/home/users/ap794/finalCS590-text2audiovideo/venv/lib/python3.10/site-packages/torch/distributed/launcher/api.py", line 269, in launch_agent
    return launch_agent(self._config, self._entrypoint, list(args))
  File "/home/users/ap794/finalCS590-text2audiovideo/venv/lib/python3.10/site-packages/torch/distributed/launcher/api.py", line 269, in launch_agent
    raise ChildFailedError(
torch.distributed.elastic.multiprocessing.errors.ChildFailedError: 
============================================================
distributed_training.py FAILED
------------------------------------------------------------
Failures:
  <NO_OTHER_FAILURES>
------------------------------------------------------------
Root Cause (first observed failure):
[0]:
  time      : 2025-04-28_20:32:36
  host      : compsci-cluster-fitz-12.cs.duke.edu.
  rank      : 3 (local_rank: 0)
  exitcode  : 2 (pid: 2139433)
  error_file: <N/A>
  traceback : To enable traceback see: https://pytorch.org/docs/stable/elastic/errors.html
============================================================
    raise ChildFailedError(
torch.distributed.elastic.multiprocessing.errors.ChildFailedError: 
============================================================
distributed_training.py FAILED
------------------------------------------------------------
Failures:
  <NO_OTHER_FAILURES>
------------------------------------------------------------
Root Cause (first observed failure):
[0]:
  time      : 2025-04-28_20:32:36
  host      : compsci-cluster-fitz-11.cs.duke.edu.
  rank      : 2 (local_rank: 0)
  exitcode  : 2 (pid: 1752281)
  error_file: <N/A>
  traceback : To enable traceback see: https://pytorch.org/docs/stable/elastic/errors.html
============================================================
srun: error: compsci-cluster-fitz-09: task 0: Exited with exit code 1
srun: error: compsci-cluster-fitz-10: task 1: Exited with exit code 1
srun: error: compsci-cluster-fitz-11: task 2: Exited with exit code 1
srun: error: compsci-cluster-fitz-12: task 3: Exited with exit code 1
