compsci-cluster-fitz-10
compsci-cluster-fitz-09
compsci-cluster-fitz-11
compsci-cluster-fitz-12
Mon Apr 28 08:36:29 PM EDT 2025
Mon Apr 28 08:36:29 PM EDT 2025
Mon Apr 28 08:36:29 PM EDT 2025
Mon Apr 28 08:36:29 PM EDT 2025
Mon Apr 28 20:36:29 2025       
+-----------------------------------------------------------------------------------------+
| NVIDIA-SMI 550.144.03             Driver Version: 550.144.03     CUDA Version: 12.4     |
|-----------------------------------------+------------------------+----------------------+
| GPU  Name                 Persistence-M | Bus-Id          Disp.A | Volatile Uncorr. ECC |
| Fan  Temp   Perf          Pwr:Usage/Cap |           Memory-Usage | GPU-Util  Compute M. |
|                                         |                        |               MIG M. |
|=========================================+========================+======================|
|   0  NVIDIA RTX A5000               Off |   00000000:17:00.0 Off |                  Off |
| 30%   16C    P8             15W /  230W |       2MiB /  24564MiB |      0%      Default |
|                                         |                        |                  N/A |
+-----------------------------------------+------------------------+----------------------+
|   1  NVIDIA RTX A5000               Off |   00000000:31:00.0 Off |                  Off |
| 30%   17C    P8             21W /  230W |       2MiB /  24564MiB |      0%      Default |
|                                         |                        |                  N/A |
+-----------------------------------------+------------------------+----------------------+
|   2  NVIDIA RTX A5000               Off |   00000000:B1:00.0 Off |                  Off |
| 30%   17C    P8             22W /  230W |       2MiB /  24564MiB |      0%      Default |
|                                         |                        |                  N/A |
+-----------------------------------------+------------------------+----------------------+
|   3  NVIDIA RTX A5000               Off |   00000000:CA:00.0 Off |                  Off |
| 30%   16C    P8             17W /  230W |       2MiB /  24564MiB |      0%      Default |
|                                         |                        |                  N/A |
+-----------------------------------------+------------------------+----------------------+
                                                                                         
+-----------------------------------------------------------------------------------------+
| Processes:                                                                              |
|  GPU   GI   CI        PID   Type   Process name                              GPU Memory |
|        ID   ID                                                               Usage      |
|=========================================================================================|
Mon Apr 28 20:36:29 2025       
+-----------------------------------------------------------------------------------------+
| NVIDIA-SMI 550.127.08             Driver Version: 550.127.08     CUDA Version: 12.4     |
|-----------------------------------------+------------------------+----------------------+
| GPU  Name                 Persistence-M | Bus-Id          Disp.A | Volatile Uncorr. ECC |
| Fan  Temp   Perf          Pwr:Usage/Cap |           Memory-Usage | GPU-Util  Compute M. |
|                                         |                        |               MIG M. |
|=========================================+========================+======================|
|  No running processes found                                                             |
+-----------------------------------------------------------------------------------------+
|   0  NVIDIA RTX A5000               Off |   00000000:17:00.0 Off |                  Off |
| 30%   15C    P8             15W /  230W |       2MiB /  24564MiB |      0%      Default |
|                                         |                        |                  N/A |
+-----------------------------------------+------------------------+----------------------+
|   1  NVIDIA RTX A5000               Off |   00000000:31:00.0 Off |                  Off |
| 30%   16C    P8             14W /  230W |       2MiB /  24564MiB |      0%      Default |
|                                         |                        |                  N/A |
+-----------------------------------------+------------------------+----------------------+
|   2  NVIDIA RTX A5000               Off |   00000000:B1:00.0 Off |                  Off |
| 30%   14C    P8             17W /  230W |       2MiB /  24564MiB |      0%      Default |
|                                         |                        |                  N/A |
+-----------------------------------------+------------------------+----------------------+
|   3  NVIDIA RTX A5000               Off |   00000000:CA:00.0 Off |                  Off |
| 30%   14C    P8             15W /  230W |       2MiB /  24564MiB |      0%      Default |
|                                         |                        |                  N/A |
+-----------------------------------------+------------------------+----------------------+
                                                                                         
+-----------------------------------------------------------------------------------------+
| Processes:                                                                              |
|  GPU   GI   CI        PID   Type   Process name                              GPU Memory |
|        ID   ID                                                               Usage      |
|=========================================================================================|
Mon Apr 28 20:36:30 2025       
+-----------------------------------------------------------------------------------------+
| NVIDIA-SMI 550.127.08             Driver Version: 550.127.08     CUDA Version: 12.4     |
|-----------------------------------------+------------------------+----------------------+
| GPU  Name                 Persistence-M | Bus-Id          Disp.A | Volatile Uncorr. ECC |
| Fan  Temp   Perf          Pwr:Usage/Cap |           Memory-Usage | GPU-Util  Compute M. |
|                                         |                        |               MIG M. |
|=========================================+========================+======================|
|  No running processes found                                                             |
+-----------------------------------------------------------------------------------------+
Mon Apr 28 20:36:30 2025       
+-----------------------------------------------------------------------------------------+
| NVIDIA-SMI 550.144.03             Driver Version: 550.144.03     CUDA Version: 12.4     |
|-----------------------------------------+------------------------+----------------------+
| GPU  Name                 Persistence-M | Bus-Id          Disp.A | Volatile Uncorr. ECC |
| Fan  Temp   Perf          Pwr:Usage/Cap |           Memory-Usage | GPU-Util  Compute M. |
|                                         |                        |               MIG M. |
|=========================================+========================+======================|
|   0  NVIDIA RTX A5000               Off |   00000000:17:00.0 Off |                  Off |
| 30%   15C    P8             18W /  230W |       2MiB /  24564MiB |      0%      Default |
|                                         |                        |                  N/A |
+-----------------------------------------+------------------------+----------------------+
|   1  NVIDIA RTX A5000               Off |   00000000:31:00.0 Off |                  Off |
| 30%   16C    P8             23W /  230W |       2MiB /  24564MiB |      0%      Default |
|                                         |                        |                  N/A |
+-----------------------------------------+------------------------+----------------------+
|   2  NVIDIA RTX A5000               Off |   00000000:B1:00.0 Off |                  Off |
| 30%   21C    P8             20W /  230W |       2MiB /  24564MiB |      0%      Default |
|                                         |                        |                  N/A |
+-----------------------------------------+------------------------+----------------------+
|   0  NVIDIA RTX A5000               Off |   00000000:17:00.0 Off |                  Off |
| 30%   16C    P8             16W /  230W |       2MiB /  24564MiB |      0%      Default |
|                                         |                        |                  N/A |
+-----------------------------------------+------------------------+----------------------+
|   3  NVIDIA RTX A5000               Off |   00000000:CA:00.0 Off |                  Off |
| 30%   21C    P8             21W /  230W |       2MiB /  24564MiB |      0%      Default |
|                                         |                        |                  N/A |
+-----------------------------------------+------------------------+----------------------+
                                                                                         
+-----------------------------------------------------------------------------------------+
| Processes:                                                                              |
|  GPU   GI   CI        PID   Type   Process name                              GPU Memory |
|        ID   ID                                                               Usage      |
|=========================================================================================|
|   1  NVIDIA RTX A5000               Off |   00000000:31:00.0 Off |                  Off |
| 30%   16C    P8             19W /  230W |       2MiB /  24564MiB |      0%      Default |
|                                         |                        |                  N/A |
+-----------------------------------------+------------------------+----------------------+
|  No running processes found                                                             |
+-----------------------------------------------------------------------------------------+
|   2  NVIDIA RTX A5000               Off |   00000000:B1:00.0 Off |                  Off |
| 30%   20C    P8             16W /  230W |       2MiB /  24564MiB |      0%      Default |
|                                         |                        |                  N/A |
+-----------------------------------------+------------------------+----------------------+
|   3  NVIDIA RTX A5000               Off |   00000000:CA:00.0 Off |                  Off |
| 30%   20C    P8             17W /  230W |       2MiB /  24564MiB |      0%      Default |
|                                         |                        |                  N/A |
+-----------------------------------------+------------------------+----------------------+
                                                                                         
+-----------------------------------------------------------------------------------------+
| Processes:                                                                              |
|  GPU   GI   CI        PID   Type   Process name                              GPU Memory |
|        ID   ID                                                               Usage      |
|=========================================================================================|
|  No running processes found                                                             |
+-----------------------------------------------------------------------------------------+
Running command: torchrun --nproc_per_node=1                   --nnodes=4                   --node_rank=0                   --master_addr=compsci-cluster-fitz-09                   --master_port=2012 ./test/distributed_training.py --rank 0 --world_size 4
Running command: torchrun --nproc_per_node=1                   --nnodes=4                   --node_rank=1                   --master_addr=compsci-cluster-fitz-09                   --master_port=2012 ./test/distributed_training.py --rank 1 --world_size 4
Running command: torchrun --nproc_per_node=1                   --nnodes=4                   --node_rank=2                   --master_addr=compsci-cluster-fitz-09                   --master_port=2012 ./test/distributed_training.py --rank 2 --world_size 4
Running command: torchrun --nproc_per_node=1                   --nnodes=4                   --node_rank=3                   --master_addr=compsci-cluster-fitz-09                   --master_port=2012 ./test/distributed_training.py --rank 3 --world_size 4
Rank 0, Epoch 0, Loss 0.8470035195350647
Rank 0, Epoch 0, Loss 6.702042102813721
Rank 0, Epoch 0, Loss 20.288232803344727
Rank 0, Epoch 0, Loss 6.884390830993652
Rank 0, Epoch 0, Loss 3.379395008087158
Rank 0, Epoch 0, Loss 1.1920927533992653e-07
Rank 0, Epoch 0, Loss 12.2282075881958
