compsci-cluster-fitz-10
compsci-cluster-fitz-11
compsci-cluster-fitz-12
compsci-cluster-fitz-09
Mon Apr 28 08:39:30 PM EDT 2025
Mon Apr 28 08:39:30 PM EDT 2025
Mon Apr 28 08:39:30 PM EDT 2025
Mon Apr 28 08:39:30 PM EDT 2025
Mon Apr 28 20:39:31 2025       
+-----------------------------------------------------------------------------------------+
| NVIDIA-SMI 550.144.03             Driver Version: 550.144.03     CUDA Version: 12.4     |
|-----------------------------------------+------------------------+----------------------+
| GPU  Name                 Persistence-M | Bus-Id          Disp.A | Volatile Uncorr. ECC |
| Fan  Temp   Perf          Pwr:Usage/Cap |           Memory-Usage | GPU-Util  Compute M. |
|                                         |                        |               MIG M. |
|=========================================+========================+======================|
|   0  NVIDIA RTX A5000               Off |   00000000:17:00.0 Off |                  Off |
| 30%   16C    P8             15W /  230W |       2MiB /  24564MiB |      0%      Default |
|                                         |                        |                  N/A |
+-----------------------------------------+------------------------+----------------------+
Mon Apr 28 20:39:31 2025       
+-----------------------------------------------------------------------------------------+
| NVIDIA-SMI 550.127.08             Driver Version: 550.127.08     CUDA Version: 12.4     |
|-----------------------------------------+------------------------+----------------------+
| GPU  Name                 Persistence-M | Bus-Id          Disp.A | Volatile Uncorr. ECC |
| Fan  Temp   Perf          Pwr:Usage/Cap |           Memory-Usage | GPU-Util  Compute M. |
|                                         |                        |               MIG M. |
|=========================================+========================+======================|
|   1  NVIDIA RTX A5000               Off |   00000000:31:00.0 Off |                  Off |
| 30%   17C    P8             21W /  230W |       2MiB /  24564MiB |      0%      Default |
|                                         |                        |                  N/A |
+-----------------------------------------+------------------------+----------------------+
|   2  NVIDIA RTX A5000               Off |   00000000:B1:00.0 Off |                  Off |
| 30%   17C    P8             22W /  230W |       2MiB /  24564MiB |      0%      Default |
|                                         |                        |                  N/A |
+-----------------------------------------+------------------------+----------------------+
Mon Apr 28 20:39:31 2025       
+-----------------------------------------------------------------------------------------+
| NVIDIA-SMI 550.144.03             Driver Version: 550.144.03     CUDA Version: 12.4     |
|-----------------------------------------+------------------------+----------------------+
| GPU  Name                 Persistence-M | Bus-Id          Disp.A | Volatile Uncorr. ECC |
| Fan  Temp   Perf          Pwr:Usage/Cap |           Memory-Usage | GPU-Util  Compute M. |
|                                         |                        |               MIG M. |
|=========================================+========================+======================|
|   3  NVIDIA RTX A5000               Off |   00000000:CA:00.0 Off |                  Off |
| 30%   16C    P8             18W /  230W |       2MiB /  24564MiB |      0%      Default |
|                                         |                        |                  N/A |
+-----------------------------------------+------------------------+----------------------+
                                                                                         
+-----------------------------------------------------------------------------------------+
| Processes:                                                                              |
|  GPU   GI   CI        PID   Type   Process name                              GPU Memory |
|        ID   ID                                                               Usage      |
|=========================================================================================|
|   0  NVIDIA RTX A5000               Off |   00000000:17:00.0 Off |                  Off |
| 30%   15C    P8             18W /  230W |       2MiB /  24564MiB |      0%      Default |
|                                         |                        |                  N/A |
+-----------------------------------------+------------------------+----------------------+
|  No running processes found                                                             |
+-----------------------------------------------------------------------------------------+
|   1  NVIDIA RTX A5000               Off |   00000000:31:00.0 Off |                  Off |
| 30%   16C    P8             23W /  230W |       2MiB /  24564MiB |      0%      Default |
|                                         |                        |                  N/A |
+-----------------------------------------+------------------------+----------------------+
|   0  NVIDIA RTX A5000               Off |   00000000:17:00.0 Off |                  Off |
| 30%   16C    P8             16W /  230W |       2MiB /  24564MiB |      0%      Default |
|                                         |                        |                  N/A |
+-----------------------------------------+------------------------+----------------------+
|   2  NVIDIA RTX A5000               Off |   00000000:B1:00.0 Off |                  Off |
| 30%   21C    P8             20W /  230W |       2MiB /  24564MiB |      0%      Default |
|                                         |                        |                  N/A |
+-----------------------------------------+------------------------+----------------------+
|   1  NVIDIA RTX A5000               Off |   00000000:31:00.0 Off |                  Off |
| 30%   16C    P8             19W /  230W |       2MiB /  24564MiB |      0%      Default |
|                                         |                        |                  N/A |
+-----------------------------------------+------------------------+----------------------+
|   3  NVIDIA RTX A5000               Off |   00000000:CA:00.0 Off |                  Off |
| 30%   21C    P8             21W /  230W |       2MiB /  24564MiB |      0%      Default |
|                                         |                        |                  N/A |
+-----------------------------------------+------------------------+----------------------+
                                                                                         
+-----------------------------------------------------------------------------------------+
| Processes:                                                                              |
|  GPU   GI   CI        PID   Type   Process name                              GPU Memory |
|        ID   ID                                                               Usage      |
|=========================================================================================|
|   2  NVIDIA RTX A5000               Off |   00000000:B1:00.0 Off |                  Off |
| 30%   20C    P8             16W /  230W |       2MiB /  24564MiB |      0%      Default |
|                                         |                        |                  N/A |
+-----------------------------------------+------------------------+----------------------+
|  No running processes found                                                             |
+-----------------------------------------------------------------------------------------+
|   3  NVIDIA RTX A5000               Off |   00000000:CA:00.0 Off |                  Off |
| 30%   20C    P8             17W /  230W |       2MiB /  24564MiB |      0%      Default |
|                                         |                        |                  N/A |
+-----------------------------------------+------------------------+----------------------+
                                                                                         
+-----------------------------------------------------------------------------------------+
| Processes:                                                                              |
|  GPU   GI   CI        PID   Type   Process name                              GPU Memory |
|        ID   ID                                                               Usage      |
|=========================================================================================|
|  No running processes found                                                             |
+-----------------------------------------------------------------------------------------+
Mon Apr 28 20:39:31 2025       
+-----------------------------------------------------------------------------------------+
| NVIDIA-SMI 550.127.08             Driver Version: 550.127.08     CUDA Version: 12.4     |
|-----------------------------------------+------------------------+----------------------+
| GPU  Name                 Persistence-M | Bus-Id          Disp.A | Volatile Uncorr. ECC |
| Fan  Temp   Perf          Pwr:Usage/Cap |           Memory-Usage | GPU-Util  Compute M. |
|                                         |                        |               MIG M. |
|=========================================+========================+======================|
|   0  NVIDIA RTX A5000               Off |   00000000:17:00.0 Off |                  Off |
| 30%   15C    P8             15W /  230W |       2MiB /  24564MiB |      0%      Default |
|                                         |                        |                  N/A |
+-----------------------------------------+------------------------+----------------------+
|   1  NVIDIA RTX A5000               Off |   00000000:31:00.0 Off |                  Off |
| 30%   16C    P8             14W /  230W |       2MiB /  24564MiB |      0%      Default |
|                                         |                        |                  N/A |
+-----------------------------------------+------------------------+----------------------+
|   2  NVIDIA RTX A5000               Off |   00000000:B1:00.0 Off |                  Off |
| 30%   14C    P8             17W /  230W |       2MiB /  24564MiB |      0%      Default |
|                                         |                        |                  N/A |
+-----------------------------------------+------------------------+----------------------+
|   3  NVIDIA RTX A5000               Off |   00000000:CA:00.0 Off |                  Off |
| 30%   14C    P8             15W /  230W |       2MiB /  24564MiB |      0%      Default |
|                                         |                        |                  N/A |
+-----------------------------------------+------------------------+----------------------+
                                                                                         
+-----------------------------------------------------------------------------------------+
| Processes:                                                                              |
|  GPU   GI   CI        PID   Type   Process name                              GPU Memory |
|        ID   ID                                                               Usage      |
|=========================================================================================|
|  No running processes found                                                             |
+-----------------------------------------------------------------------------------------+
Running command: torchrun --nproc_per_node=1                   --nnodes=4                   --node_rank=0                   --master_addr=compsci-cluster-fitz-09                   --master_port=2012 ./test/distributed_training.py --rank 0 --world_size 4
Running command: torchrun --nproc_per_node=1                   --nnodes=4                   --node_rank=2                   --master_addr=compsci-cluster-fitz-09                   --master_port=2012 ./test/distributed_training.py --rank 2 --world_size 4
Running command: torchrun --nproc_per_node=1                   --nnodes=4                   --node_rank=1                   --master_addr=compsci-cluster-fitz-09                   --master_port=2012 ./test/distributed_training.py --rank 1 --world_size 4
Running command: torchrun --nproc_per_node=1                   --nnodes=4                   --node_rank=3                   --master_addr=compsci-cluster-fitz-09                   --master_port=2012 ./test/distributed_training.py --rank 3 --world_size 4
Rank 1, Epoch 0, Loss 0.8415374755859375
Rank 0, Epoch 0, Loss 0.7486629486083984
Rank 3, Epoch 0, Loss 0.6596566438674927
Rank 2, Epoch 0, Loss 0.5281760692596436
Rank 0, Epoch 0, Loss 0.7965595722198486
Rank 1, Epoch 0, Loss 0.7878839373588562
Rank 2, Epoch 0, Loss 0.8885619044303894
Rank 3, Epoch 0, Loss 0.5302368402481079
Rank 2, Epoch 0, Loss 6.580200672149658
Rank 1, Epoch 0, Loss 9.928936004638672
Rank 3, Epoch 0, Loss 3.2259531021118164
Rank 0, Epoch 0, Loss 6.067276954650879
Rank 2, Epoch 0, Loss 13.159954071044922
Rank 3, Epoch 0, Loss 12.373381614685059
Rank 1, Epoch 0, Loss 13.593019485473633
Rank 0, Epoch 0, Loss 5.977543830871582
Rank 0, Epoch 0, Loss 3.924168825149536
Rank 3, Epoch 0, Loss 3.1266579627990723
Rank 1, Epoch 0, Loss 4.253864288330078
Rank 2, Epoch 0, Loss 2.632657051086426
Rank 0, Epoch 0, Loss 25.014328002929688
Rank 2, Epoch 0, Loss 24.447391510009766
Rank 1, Epoch 0, Loss 14.602941513061523
Rank 3, Epoch 0, Loss 24.954692840576172
Rank 2, Epoch 0, Loss 4.598250389099121
Rank 1, Epoch 0, Loss 13.34934139251709
Rank 3, Epoch 0, Loss 7.780412673950195
Rank 0, Epoch 0, Loss 4.409501075744629
Rank 0, Epoch 0, Loss 2.438781499862671
Rank 2, Epoch 0, Loss 7.627260684967041
Rank 3, Epoch 0, Loss 7.3652238845825195
Rank 1, Epoch 0, Loss 3.068084478378296
Rank 0, Epoch 0, Loss 7.646480560302734
Rank 1, Epoch 0, Loss 10.382973670959473
Rank 3, Epoch 0, Loss 6.638288497924805
Rank 2, Epoch 0, Loss 2.8464534282684326
Rank 0, Epoch 0, Loss 19.956233978271484
Rank 1, Epoch 0, Loss 14.285213470458984
Rank 2, Epoch 0, Loss 19.997047424316406
Rank 3, Epoch 0, Loss 0.0
Rank 2, Epoch 0, Loss 6.65305757522583
Rank 0, Epoch 0, Loss 4.393583297729492
Rank 3, Epoch 0, Loss 5.686994552612305
Rank 1, Epoch 0, Loss 4.617568016052246
Rank 2, Epoch 0, Loss 8.251527786254883
Rank 0, Epoch 0, Loss 17.839157104492188
Rank 3, Epoch 0, Loss 9.527848243713379
Rank 1, Epoch 0, Loss 17.192947387695312
Rank 0, Epoch 0, Loss 8.66954517364502
Rank 2, Epoch 0, Loss 2.38885760307312
Rank 1, Epoch 0, Loss 11.729695320129395
Rank 3, Epoch 0, Loss 9.45694351196289
Rank 0, Epoch 0, Loss 8.629047393798828
Rank 2, Epoch 0, Loss 0.0
Rank 1, Epoch 0, Loss 13.214104652404785
Rank 3, Epoch 0, Loss 7.648921012878418
Rank 0, Epoch 0, Loss 7.869693756103516
Rank 2, Epoch 0, Loss 6.928893566131592
Rank 3, Epoch 0, Loss 7.6167755126953125
Rank 1, Epoch 0, Loss 8.48511028289795
Rank 2, Epoch 0, Loss 17.69784927368164
Rank 0, Epoch 0, Loss 11.451887130737305
Rank 1, Epoch 0, Loss 10.770515441894531
Rank 3, Epoch 0, Loss 1.1324860906825052e-06
Rank 0, Epoch 0, Loss 7.108060359954834
Rank 2, Epoch 0, Loss 5.3938775062561035
Rank 1, Epoch 0, Loss 10.863897323608398
Rank 3, Epoch 0, Loss 6.498046875
Rank 1, Epoch 0, Loss 10.524667739868164
Rank 3, Epoch 0, Loss 12.920148849487305
Rank 0, Epoch 0, Loss 9.282550811767578
Rank 2, Epoch 0, Loss 6.944022178649902
Rank 0, Epoch 0, Loss 14.582084655761719
Rank 2, Epoch 0, Loss 4.04835844039917
Rank 1, Epoch 0, Loss 5.131559371948242
Rank 3, Epoch 0, Loss 8.270624160766602
Rank 2, Epoch 0, Loss 6.532338738907129e-05
Rank 1, Epoch 0, Loss 3.4877068996429443
Rank 3, Epoch 0, Loss 2.241518497467041
Rank 0, Epoch 0, Loss 4.876813888549805
Rank 2, Epoch 0, Loss 2.4053685665130615
Rank 1, Epoch 0, Loss 2.6127171516418457
Rank 3, Epoch 0, Loss 1.7224769592285156
Rank 0, Epoch 0, Loss 1.1485686302185059
Rank 3, Epoch 0, Loss 6.756772994995117
Rank 2, Epoch 0, Loss 3.2634801864624023
Rank 1, Epoch 0, Loss 2.664588212966919
Rank 0, Epoch 0, Loss 0.6767525672912598
Rank 0, Epoch 0, Loss 4.281272888183594
Rank 3, Epoch 0, Loss 7.5135064125061035
Rank 2, Epoch 0, Loss 1.0587878227233887
Rank 1, Epoch 0, Loss 3.3128395080566406
Rank 0, Epoch 0, Loss 7.228276252746582
Rank 2, Epoch 0, Loss 7.726269721984863
Rank 1, Epoch 0, Loss 12.645593643188477
Rank 3, Epoch 0, Loss 7.861053943634033
Rank 0, Epoch 0, Loss 0.00010611288598738611
Rank 2, Epoch 0, Loss 12.228549003601074
Rank 1, Epoch 0, Loss 8.940696005765858e-08
Rank 3, Epoch 0, Loss 9.654759407043457
Rank 0, Epoch 0, Loss 1.2180413007736206
Rank 3, Epoch 0, Loss 0.7527655363082886
Rank 1, Epoch 0, Loss 0.20507687330245972
Rank 2, Epoch 0, Loss 1.5846303701400757
Rank 2, Epoch 0, Loss 1.3282496929168701
Rank 3, Epoch 0, Loss 3.0900394916534424
Rank 0, Epoch 0, Loss 7.715872287750244
Rank 1, Epoch 0, Loss 5.918428897857666
Rank 2, Epoch 0, Loss 13.797780990600586
Rank 1, Epoch 0, Loss 5.348223686218262
Rank 3, Epoch 0, Loss 7.3216962814331055
Rank 0, Epoch 0, Loss 10.83837890625
Rank 0, Epoch 0, Loss 12.715362548828125
Rank 2, Epoch 0, Loss 10.594291687011719
Rank 1, Epoch 0, Loss 0.08473758399486542
Rank 3, Epoch 0, Loss 11.654958724975586
Rank 2, Epoch 0, Loss 2.6419293880462646
Rank 1, Epoch 0, Loss 3.03347110748291
Rank 3, Epoch 0, Loss 1.6083242893218994
Rank 0, Epoch 0, Loss 2.942492961883545
Rank 0, Epoch 0, Loss 3.2752068042755127
Rank 1, Epoch 0, Loss 3.876429319381714
Rank 2, Epoch 0, Loss 2.5771234035491943
Rank 3, Epoch 0, Loss 2.3049588203430176
Rank 1, Epoch 0, Loss 7.361118150583934e-06
Rank 2, Epoch 0, Loss 4.4298095703125
Rank 3, Epoch 0, Loss 4.580846309661865
Rank 0, Epoch 0, Loss 5.945155143737793
Rank 1, Epoch 0, Loss 4.982835292816162
Rank 2, Epoch 0, Loss 3.184204578399658
Rank 3, Epoch 0, Loss 6.094473361968994
Rank 0, Epoch 0, Loss 1.955345630645752
Rank 1, Epoch 0, Loss 4.667234420776367
Rank 2, Epoch 0, Loss 4.611011505126953
Rank 0, Epoch 0, Loss 0.0016281094867736101
Rank 3, Epoch 0, Loss 0.00110913859680295
Rank 1, Epoch 0, Loss 0.7409683465957642
Rank 0, Epoch 0, Loss 4.414175033569336
Rank 3, Epoch 0, Loss 2.6748645305633545
Rank 2, Epoch 0, Loss 4.283658027648926
Rank 1, Epoch 0, Loss 4.381404876708984
Rank 2, Epoch 0, Loss 0.25297918915748596
Rank 3, Epoch 0, Loss 9.378153800964355
Rank 0, Epoch 0, Loss 4.351532459259033
Rank 2, Epoch 0, Loss 0.029013507068157196
Rank 1, Epoch 0, Loss 7.734848976135254
Rank 3, Epoch 0, Loss 3.150545835494995
Rank 0, Epoch 0, Loss 2.1563587188720703
Rank 1, Epoch 0, Loss 3.1770176887512207
Rank 2, Epoch 0, Loss 0.4089783728122711
Rank 3, Epoch 0, Loss 3.2723562717437744
Rank 0, Epoch 0, Loss 0.2760818302631378
Rank 1, Epoch 0, Loss 4.580169677734375
Rank 2, Epoch 0, Loss 1.9114807844161987
Rank 0, Epoch 0, Loss 1.685351848602295
Rank 3, Epoch 0, Loss 0.056857168674468994
Rank 3, Epoch 0, Loss 5.609508514404297
Rank 2, Epoch 0, Loss 2.677067279815674
Rank 1, Epoch 0, Loss 2.0974597930908203
Rank 0, Epoch 0, Loss 2.4721975326538086
Rank 2, Epoch 0, Loss 1.3088219165802002
Rank 0, Epoch 0, Loss 0.6952958106994629
Rank 1, Epoch 0, Loss 3.4366278648376465
Rank 3, Epoch 0, Loss 1.6881439685821533
Rank 2, Epoch 0, Loss 0.679230809211731
Rank 3, Epoch 0, Loss 4.685061931610107
Rank 0, Epoch 0, Loss 3.1188101768493652
Rank 1, Epoch 0, Loss 0.1868191361427307
Rank 0, Epoch 0, Loss 1.00821852684021
Rank 2, Epoch 0, Loss 4.267649173736572
Rank 1, Epoch 0, Loss 0.8449156880378723
Rank 3, Epoch 0, Loss 4.141965866088867
Rank 0, Epoch 0, Loss 0.6616578698158264
Rank 1, Epoch 0, Loss 0.2601039707660675
Rank 2, Epoch 0, Loss 2.6806747913360596
Rank 3, Epoch 0, Loss 3.4888718128204346
Rank 0, Epoch 0, Loss 2.760512590408325
Rank 1, Epoch 0, Loss 1.937063217163086
Rank 3, Epoch 0, Loss 3.322362184524536
Rank 2, Epoch 0, Loss 5.910087585449219
Rank 1, Epoch 0, Loss 5.183992385864258
Rank 2, Epoch 0, Loss 1.1221171617507935
Rank 3, Epoch 0, Loss 1.5757026672363281
Rank 0, Epoch 0, Loss 6.874783039093018
Rank 3, Epoch 0, Loss 5.067323684692383
Rank 2, Epoch 0, Loss 6.563880920410156
Rank 1, Epoch 0, Loss 4.974944591522217
Rank 0, Epoch 0, Loss 5.487258434295654
Rank 1, Epoch 0, Loss 2.8513572216033936
Rank 2, Epoch 0, Loss 5.335256576538086
Rank 3, Epoch 0, Loss 3.4370107650756836
Rank 0, Epoch 0, Loss 3.7676477432250977
Rank 0, Epoch 0, Loss 3.289383888244629
Rank 1, Epoch 0, Loss 3.5114011764526367
Rank 2, Epoch 0, Loss 2.0221810340881348
Rank 3, Epoch 0, Loss 3.4170589447021484
Rank 2, Epoch 0, Loss 0.00015848103794269264
Rank 3, Epoch 0, Loss 9.758038520812988
Rank 0, Epoch 0, Loss 4.842813014984131
Rank 1, Epoch 0, Loss 6.448169708251953
Rank 2, Epoch 0, Loss 4.894853591918945
Rank 1, Epoch 0, Loss 12.916728973388672
Rank 0, Epoch 0, Loss 3.61099910736084
Rank 3, Epoch 0, Loss 2.1353917121887207
Rank 1, Epoch 0, Loss 6.0063652992248535
Rank 2, Epoch 0, Loss 3.725186347961426
Rank 0, Epoch 0, Loss 8.00023078918457
Rank 3, Epoch 0, Loss 2.7073683738708496
Rank 0, Epoch 0, Loss 2.238879442214966
Rank 1, Epoch 0, Loss 1.5220810174942017
Rank 2, Epoch 0, Loss 0.0007379859453067183
Rank 3, Epoch 0, Loss 6.566592693328857
Rank 2, Epoch 0, Loss 5.197824478149414
Rank 3, Epoch 0, Loss 6.166980743408203
Rank 0, Epoch 0, Loss 4.303439617156982
Rank 1, Epoch 0, Loss 1.3287692070007324
Rank 2, Epoch 0, Loss 8.631118774414062
Rank 1, Epoch 0, Loss 2.1163723468780518
Rank 0, Epoch 0, Loss 0.8088687062263489
Rank 3, Epoch 0, Loss 3.1344966888427734
Rank 2, Epoch 0, Loss 3.5196690559387207
Rank 1, Epoch 0, Loss 2.102332592010498
Rank 3, Epoch 0, Loss 1.8751749992370605
Rank 0, Epoch 0, Loss 7.338148593902588
Rank 2, Epoch 0, Loss 3.8374345302581787
Rank 1, Epoch 0, Loss 0.954887866973877
Rank 3, Epoch 0, Loss 9.630912780761719
Rank 0, Epoch 0, Loss 0.9093143939971924
Rank 0, Epoch 0, Loss 1.6444776058197021
Rank 1, Epoch 0, Loss 1.5258913040161133
Rank 3, Epoch 0, Loss 5.2353949546813965
Rank 2, Epoch 0, Loss 4.384408950805664
Rank 2, Epoch 0, Loss 4.603538513183594
Rank 3, Epoch 0, Loss 1.8844679594039917
Rank 1, Epoch 0, Loss 3.901575803756714
Rank 0, Epoch 0, Loss 5.354126930236816
Rank 2, Epoch 0, Loss 3.107125759124756
Rank 1, Epoch 0, Loss 7.028824806213379
Rank 3, Epoch 0, Loss 3.791207790374756
Rank 0, Epoch 0, Loss 1.266497254371643
Rank 1, Epoch 0, Loss 2.9344723224639893
Rank 2, Epoch 0, Loss 3.5434632301330566
Rank 3, Epoch 0, Loss 5.4271674156188965
Rank 0, Epoch 0, Loss 4.708664894104004
Rank 1, Epoch 0, Loss 0.13421234488487244
Rank 0, Epoch 0, Loss 2.661241054534912
Rank 2, Epoch 0, Loss 4.154428005218506
Rank 3, Epoch 0, Loss 3.53912353515625
Rank 2, Epoch 0, Loss 1.6740508079528809
Rank 3, Epoch 0, Loss 2.3624916076660156
Rank 0, Epoch 0, Loss 1.6640530824661255
Rank 1, Epoch 0, Loss 1.7629282474517822
Rank 0, Epoch 0, Loss 4.461806774139404
Rank 2, Epoch 0, Loss 2.5859222412109375
Rank 1, Epoch 0, Loss 1.0236537456512451
Rank 3, Epoch 0, Loss 6.079817771911621
Rank 1, Epoch 0, Loss 0.8158395886421204
Rank 2, Epoch 0, Loss 7.290273666381836
Rank 0, Epoch 0, Loss 10.636590957641602
Rank 3, Epoch 0, Loss 0.40892717242240906
Rank 2, Epoch 0, Loss 1.1158573627471924
Rank 0, Epoch 0, Loss 5.249210357666016
Rank 1, Epoch 0, Loss 4.147014141082764
Rank 3, Epoch 0, Loss 3.1882011890411377
Rank 2, Epoch 0, Loss 3.0000076293945312
Rank 0, Epoch 0, Loss 5.889829635620117
Rank 1, Epoch 0, Loss 1.7439285516738892
Rank 3, Epoch 0, Loss 5.367306709289551
Rank 1, Epoch 0, Loss 3.3820180892944336
Rank 2, Epoch 0, Loss 1.2402664422988892
Rank 3, Epoch 0, Loss 8.189279556274414
Rank 0, Epoch 0, Loss 0.41925933957099915
Rank 1, Epoch 0, Loss 8.415063858032227
Rank 2, Epoch 0, Loss 8.166154861450195
Rank 0, Epoch 0, Loss 10.478897094726562
Rank 3, Epoch 0, Loss 6.099146842956543
Rank 1, Epoch 0, Loss 6.84185266494751
Rank 2, Epoch 0, Loss 1.8668087720870972
Rank 0, Epoch 0, Loss 0.0024485415779054165
Rank 3, Epoch 0, Loss 1.5724220275878906
Rank 1, Epoch 0, Loss 2.331503391265869
Rank 2, Epoch 0, Loss 2.6393842697143555
Rank 0, Epoch 0, Loss 5.0257673263549805
Rank 3, Epoch 0, Loss 6.311276912689209
Rank 0, Epoch 0, Loss 6.290532112121582
Rank 1, Epoch 0, Loss 3.2753233909606934
Rank 3, Epoch 0, Loss 4.399238586425781
Rank 2, Epoch 0, Loss 0.09887776523828506
Rank 1, Epoch 0, Loss 7.195843696594238
Rank 3, Epoch 0, Loss 5.286036968231201
Rank 2, Epoch 0, Loss 3.451197385787964
Rank 0, Epoch 0, Loss 5.8614702224731445
Rank 1, Epoch 0, Loss 3.9368653297424316
Rank 0, Epoch 0, Loss 5.800861835479736
Rank 3, Epoch 0, Loss 3.6274237632751465
Rank 2, Epoch 0, Loss 1.6767381429672241
Rank 3, Epoch 0, Loss 5.88083553314209
Rank 1, Epoch 0, Loss 2.7010812759399414
Rank 0, Epoch 0, Loss 2.3634912967681885
Rank 2, Epoch 0, Loss 0.12832781672477722
Rank 3, Epoch 0, Loss 0.004669227171689272
Rank 2, Epoch 0, Loss 3.116597890853882
Rank 1, Epoch 0, Loss 0.5099483728408813
Rank 0, Epoch 0, Loss 3.8622303009033203
Rank 2, Epoch 0, Loss 3.822662115097046
Rank 3, Epoch 0, Loss 0.15913039445877075
Rank 0, Epoch 0, Loss 8.173867225646973
Rank 1, Epoch 0, Loss 8.59980583190918
Rank 1, Epoch 0, Loss 4.714753150939941
Rank 0, Epoch 0, Loss 3.191490888595581
Rank 2, Epoch 0, Loss 0.4687410593032837
Rank 3, Epoch 0, Loss 0.16334061324596405
Rank 2, Epoch 0, Loss 4.831930160522461
Rank 3, Epoch 0, Loss 1.3423711061477661
Rank 1, Epoch 0, Loss 7.645795822143555
Rank 0, Epoch 0, Loss 2.4111907482147217
Rank 2, Epoch 0, Loss 0.9025319218635559
Rank 1, Epoch 0, Loss 3.616213083267212
Rank 3, Epoch 0, Loss 1.0773826837539673
Rank 0, Epoch 0, Loss 0.05100313201546669
Rank 2, Epoch 0, Loss 4.266974449157715
Rank 1, Epoch 0, Loss 7.605486869812012
Rank 3, Epoch 0, Loss 3.658461570739746
Rank 0, Epoch 0, Loss 1.7222946882247925
Rank 2, Epoch 0, Loss 3.9835195541381836
Rank 1, Epoch 0, Loss 0.08517281711101532
Rank 3, Epoch 0, Loss 2.6517481803894043
Rank 0, Epoch 0, Loss 2.4650745391845703
Rank 2, Epoch 0, Loss 2.4358794689178467
Rank 3, Epoch 0, Loss 3.7939982414245605
Rank 0, Epoch 0, Loss 2.700822591781616
Rank 1, Epoch 0, Loss 0.12522102892398834
Rank 0, Epoch 0, Loss 5.327793121337891
Rank 1, Epoch 0, Loss 3.026548385620117
Rank 2, Epoch 0, Loss 4.109609603881836
Rank 3, Epoch 0, Loss 8.555806159973145
Rank 0, Epoch 0, Loss 2.6906094551086426
Rank 1, Epoch 0, Loss 1.8531213998794556
Rank 2, Epoch 0, Loss 0.28844085335731506
Rank 3, Epoch 0, Loss 1.530491828918457
Rank 1, Epoch 0, Loss 6.724109649658203
Rank 2, Epoch 0, Loss 3.098649501800537
Rank 3, Epoch 0, Loss 1.5476503372192383
Rank 0, Epoch 0, Loss 1.0108343362808228
Rank 1, Epoch 0, Loss 6.221304893493652
Rank 2, Epoch 0, Loss 4.770523548126221
Rank 0, Epoch 0, Loss 5.4732136726379395
Rank 3, Epoch 0, Loss 8.59453010559082
Rank 0, Epoch 0, Loss 8.254069328308105
Rank 2, Epoch 0, Loss 3.0637097358703613
Rank 1, Epoch 0, Loss 0.11314062774181366
Rank 3, Epoch 0, Loss 2.063336133956909
Rank 0, Epoch 0, Loss 4.448474407196045
Rank 1, Epoch 0, Loss 1.7392783164978027
Rank 2, Epoch 0, Loss 0.4746793508529663
Rank 3, Epoch 0, Loss 4.05907678604126
Rank 1, Epoch 0, Loss 0.25206905603408813
Rank 0, Epoch 0, Loss 1.979716420173645
Rank 3, Epoch 0, Loss 3.8874669075012207
Rank 2, Epoch 0, Loss 1.964739441871643
Rank 1, Epoch 0, Loss 6.12183952331543
Rank 3, Epoch 0, Loss 0.4562264084815979
Rank 2, Epoch 0, Loss 0.2697589695453644
Rank 0, Epoch 0, Loss 2.2119719982147217
Rank 2, Epoch 0, Loss 3.3667569160461426
Rank 1, Epoch 0, Loss 1.1814606189727783
Rank 3, Epoch 0, Loss 0.275425523519516
Rank 0, Epoch 0, Loss 3.872284173965454
Rank 0, Epoch 0, Loss 7.452545166015625
Rank 1, Epoch 0, Loss 0.3044399619102478
Rank 3, Epoch 0, Loss 4.001173973083496
Rank 2, Epoch 0, Loss 3.784656047821045
Rank 2, Epoch 0, Loss 9.878555297851562
Rank 0, Epoch 0, Loss 1.970337986946106
Rank 1, Epoch 0, Loss 0.1008506715297699
Rank 3, Epoch 0, Loss 0.4500829577445984
Rank 1, Epoch 0, Loss 0.8161778450012207
Rank 2, Epoch 0, Loss 3.7928640842437744
Rank 3, Epoch 0, Loss 2.9205198287963867
Rank 0, Epoch 0, Loss 2.198929786682129
Rank 1, Epoch 0, Loss 7.452054023742676
Rank 2, Epoch 0, Loss 4.304337978363037
Rank 3, Epoch 0, Loss 3.0038723945617676
Rank 0, Epoch 0, Loss 1.2399839162826538
Rank 3, Epoch 0, Loss 1.659113883972168
Rank 1, Epoch 0, Loss 1.4346628189086914
Rank 0, Epoch 0, Loss 6.233729839324951
Rank 2, Epoch 0, Loss 4.528226375579834
Rank 0, Epoch 0, Loss 4.696511268615723
Rank 3, Epoch 0, Loss 3.456295967102051
Rank 2, Epoch 0, Loss 4.713223457336426
Rank 1, Epoch 0, Loss 3.1907191276550293
Rank 2, Epoch 0, Loss 0.27459287643432617
Rank 0, Epoch 0, Loss 6.13264274597168
Rank 1, Epoch 0, Loss 10.889310836791992
Rank 3, Epoch 0, Loss 3.546483039855957
Rank 1, Epoch 0, Loss 5.115726470947266
Rank 3, Epoch 0, Loss 1.8564398288726807
Rank 0, Epoch 0, Loss 2.685899257659912
Rank 2, Epoch 0, Loss 1.3551900386810303
Rank 2, Epoch 0, Loss 3.9711155891418457
Rank 1, Epoch 0, Loss 2.4298031330108643
Rank 3, Epoch 0, Loss 0.8867863416671753
Rank 0, Epoch 0, Loss 0.0025703134015202522
Rank 2, Epoch 0, Loss 3.6300432682037354
Rank 3, Epoch 0, Loss 5.038765907287598
Rank 0, Epoch 0, Loss 4.66832160949707
Rank 1, Epoch 0, Loss 8.98311996459961
Rank 2, Epoch 0, Loss 1.2056143283843994
Rank 1, Epoch 0, Loss 4.367815017700195
Rank 0, Epoch 0, Loss 0.06714700162410736
Rank 3, Epoch 0, Loss 7.619359016418457
Rank 3, Epoch 0, Loss 0.05133702605962753
Rank 1, Epoch 0, Loss 5.242323398590088
Rank 0, Epoch 0, Loss 2.0812127590179443
Rank 2, Epoch 0, Loss 3.176804304122925
Rank 1, Epoch 0, Loss 0.09839145094156265
Rank 2, Epoch 0, Loss 4.659478187561035
Rank 3, Epoch 0, Loss 1.1130582094192505
Rank 0, Epoch 0, Loss 4.649789810180664
Rank 1, Epoch 0, Loss 9.209219932556152
Rank 2, Epoch 0, Loss 0.8235621452331543
Rank 3, Epoch 0, Loss 10.998968124389648
Rank 0, Epoch 0, Loss 1.3001961708068848
Rank 2, Epoch 0, Loss 7.8090667724609375
Rank 0, Epoch 0, Loss 18.046993255615234
Rank 3, Epoch 0, Loss 5.506295680999756
Rank 1, Epoch 0, Loss 15.934258460998535
Rank 1, Epoch 0, Loss 2.938239812850952
Rank 2, Epoch 0, Loss 6.282914638519287
Rank 0, Epoch 0, Loss 5.219111919403076
Rank 3, Epoch 0, Loss 1.3651937246322632
Rank 1, Epoch 0, Loss 4.604579448699951
Rank 2, Epoch 0, Loss 3.670081377029419
Rank 3, Epoch 0, Loss 2.448129177093506
Rank 0, Epoch 0, Loss 2.7299838066101074
Rank 2, Epoch 0, Loss 2.1839263439178467
Rank 0, Epoch 0, Loss 0.2934586703777313
Rank 1, Epoch 0, Loss 4.8124189376831055
Rank 3, Epoch 0, Loss 8.693225860595703
Rank 3, Epoch 0, Loss 5.318402290344238
Rank 2, Epoch 0, Loss 1.513991355895996
Rank 1, Epoch 0, Loss 7.516634464263916
Rank 0, Epoch 0, Loss 11.082520484924316
Rank 3, Epoch 0, Loss 6.877139091491699
Rank 1, Epoch 0, Loss 7.067935466766357
Rank 0, Epoch 0, Loss 5.6731486320495605
Rank 2, Epoch 0, Loss 1.7506959438323975
Rank 1, Epoch 0, Loss 0.00027000048430636525
Rank 2, Epoch 0, Loss 1.9681755304336548
Rank 0, Epoch 0, Loss 11.060297012329102
Rank 3, Epoch 0, Loss 10.532251358032227
Rank 0, Epoch 0, Loss 3.761626958847046
Rank 1, Epoch 0, Loss 0.009771904908120632
Rank 2, Epoch 0, Loss 2.991961717605591
Rank 3, Epoch 0, Loss 2.5523180961608887
Rank 3, Epoch 0, Loss 7.505171775817871
Rank 2, Epoch 0, Loss 0.016556566581130028
Rank 1, Epoch 0, Loss 4.501049041748047
Rank 0, Epoch 0, Loss 0.6946393847465515
Rank 0, Epoch 0, Loss 0.4272276759147644
Rank 1, Epoch 0, Loss 8.696045875549316
Rank 2, Epoch 0, Loss 0.5711771249771118
Rank 3, Epoch 0, Loss 7.426629066467285
Rank 2, Epoch 0, Loss 5.390134811401367
Rank 1, Epoch 0, Loss 2.90147066116333
Rank 0, Epoch 0, Loss 0.43401339650154114
Rank 3, Epoch 0, Loss 5.107353210449219
Rank 0, Epoch 0, Loss 3.6451921463012695
Rank 1, Epoch 0, Loss 7.098052024841309
Rank 3, Epoch 0, Loss 3.648646116256714
Rank 2, Epoch 0, Loss 2.6345443725585938
Rank 0, Epoch 0, Loss 4.992520809173584
Rank 1, Epoch 0, Loss 1.9084798097610474
Rank 2, Epoch 0, Loss 5.470962047576904
Rank 3, Epoch 0, Loss 9.436305046081543
Rank 1, Epoch 0, Loss 3.394730567932129
Rank 2, Epoch 0, Loss 6.419558525085449
Rank 3, Epoch 0, Loss 3.3154804706573486
Rank 0, Epoch 0, Loss 13.94149112701416
Rank 2, Epoch 0, Loss 2.965236186981201
Rank 3, Epoch 0, Loss 1.2522642612457275
Rank 0, Epoch 0, Loss 6.495560169219971
Rank 1, Epoch 0, Loss 7.048162937164307
Rank 0, Epoch 0, Loss 6.382716178894043
Rank 1, Epoch 0, Loss 9.51476764678955
Rank 2, Epoch 0, Loss 0.9711700677871704
Rank 3, Epoch 0, Loss 0.9170498847961426
Rank 3, Epoch 0, Loss 6.1776275634765625
Rank 0, Epoch 0, Loss 1.9268176555633545
Rank 1, Epoch 0, Loss 5.793513298034668
Rank 2, Epoch 0, Loss 8.971776962280273
Rank 1, Epoch 0, Loss 3.27502703666687
Rank 0, Epoch 0, Loss 3.0812716484069824
Rank 2, Epoch 0, Loss 8.420001029968262
Rank 3, Epoch 0, Loss 1.0411101579666138
Rank 0, Epoch 0, Loss 2.6823577880859375
Rank 2, Epoch 0, Loss 1.2553757429122925
Rank 3, Epoch 0, Loss 3.1448545455932617
Rank 1, Epoch 0, Loss 1.9693796634674072
Rank 2, Epoch 0, Loss 5.629150867462158
Rank 1, Epoch 0, Loss 1.491539716720581
Rank 3, Epoch 0, Loss 0.4614473581314087
Rank 0, Epoch 0, Loss 4.136991500854492
Rank 0, Epoch 0, Loss 2.3603482246398926
Rank 3, Epoch 0, Loss 2.801210403442383
Rank 1, Epoch 0, Loss 0.17960183322429657
Rank 2, Epoch 0, Loss 7.112809658050537
Rank 1, Epoch 0, Loss 3.856328010559082
Rank 2, Epoch 0, Loss 6.225062370300293
Rank 3, Epoch 0, Loss 0.011316605843603611
Rank 0, Epoch 0, Loss 3.859203815460205
Rank 0, Epoch 0, Loss 1.4972119331359863
Rank 1, Epoch 0, Loss 3.2234582901000977
Rank 3, Epoch 0, Loss 3.3840558528900146
Rank 2, Epoch 0, Loss 6.577836036682129
Rank 0, Epoch 0, Loss 7.654083251953125
Rank 1, Epoch 0, Loss 6.488860130310059
Rank 3, Epoch 0, Loss 0.005720335058867931
Rank 2, Epoch 0, Loss 7.55449291318655e-05
Rank 0, Epoch 0, Loss 7.572134494781494
Rank 1, Epoch 0, Loss 6.8943257331848145
Rank 3, Epoch 0, Loss 3.01733136177063
Rank 2, Epoch 0, Loss 0.4111495614051819
Rank 2, Epoch 0, Loss 7.425914287567139
Rank 0, Epoch 0, Loss 0.060650747269392014
Rank 1, Epoch 0, Loss 6.650489807128906
Rank 3, Epoch 0, Loss 2.9990882873535156
Rank 0, Epoch 0, Loss 1.0902601480484009
Rank 1, Epoch 0, Loss 1.5343502759933472
Rank 3, Epoch 0, Loss 10.292851448059082
Rank 2, Epoch 0, Loss 4.363969326019287
Rank 1, Epoch 0, Loss 4.395421504974365
Rank 2, Epoch 0, Loss 5.444870948791504
Rank 0, Epoch 0, Loss 9.85555648803711
Rank 3, Epoch 0, Loss 2.8565945625305176
Rank 3, Epoch 0, Loss 6.770298004150391
Rank 1, Epoch 0, Loss 6.423418998718262
Rank 0, Epoch 0, Loss 0.6973797082901001
Rank 2, Epoch 0, Loss 1.0855247974395752
Rank 1, Epoch 0, Loss 6.869345664978027
Rank 3, Epoch 0, Loss 3.508958339691162
Rank 0, Epoch 0, Loss 1.8444727659225464
Rank 2, Epoch 0, Loss 1.5200319290161133
Rank 2, Epoch 0, Loss 1.8539273738861084
Rank 1, Epoch 0, Loss 7.51110315322876
Rank 3, Epoch 0, Loss 4.736004829406738
Rank 0, Epoch 0, Loss 6.450882911682129
Rank 1, Epoch 0, Loss 2.7834434509277344
Rank 2, Epoch 0, Loss 3.296065330505371
Rank 0, Epoch 0, Loss 1.4590725898742676
Rank 3, Epoch 0, Loss 2.501260995864868
Rank 0, Epoch 0, Loss 1.6562645435333252
Rank 3, Epoch 0, Loss 9.416109085083008
Rank 1, Epoch 0, Loss 2.009730339050293
Rank 2, Epoch 0, Loss 2.2432613372802734
Rank 0, Epoch 0, Loss 9.570074081420898
Rank 1, Epoch 0, Loss 9.170709609985352
Rank 2, Epoch 0, Loss 12.608531951904297
Rank 3, Epoch 0, Loss 3.9958009719848633
Rank 2, Epoch 0, Loss 3.8533926010131836
Rank 3, Epoch 0, Loss 0.018197864294052124
Rank 0, Epoch 0, Loss 2.150189161300659
Rank 1, Epoch 0, Loss 2.5694096088409424
Rank 0, Epoch 0, Loss 3.3108179569244385
Rank 1, Epoch 0, Loss 6.841859817504883
Rank 2, Epoch 0, Loss 1.4907349348068237
Rank 3, Epoch 0, Loss 0.11362537741661072
Rank 0, Epoch 0, Loss 5.365298271179199
Rank 3, Epoch 0, Loss 2.9585652351379395
Rank 1, Epoch 0, Loss 5.558175086975098
Rank 2, Epoch 0, Loss 2.9957685470581055
Rank 0, Epoch 0, Loss 3.1871137619018555
Rank 3, Epoch 0, Loss 3.5774624347686768
Rank 2, Epoch 0, Loss 2.4876556396484375
Rank 1, Epoch 0, Loss 0.0019287366885691881
Rank 0, Epoch 0, Loss 8.122376441955566
Rank 1, Epoch 0, Loss 9.722875595092773
Rank 3, Epoch 0, Loss 2.2976932525634766
Rank 2, Epoch 0, Loss 2.4226629734039307
Rank 0, Epoch 0, Loss 10.976029396057129
Rank 2, Epoch 0, Loss 5.347354888916016
Rank 1, Epoch 0, Loss 1.1972544193267822
Rank 3, Epoch 0, Loss 0.18351323902606964
Rank 3, Epoch 0, Loss 1.487704873085022
Rank 0, Epoch 0, Loss 7.019928932189941
Rank 1, Epoch 0, Loss 6.436156749725342
Rank 2, Epoch 0, Loss 9.260817527770996
Rank 0, Epoch 0, Loss 0.4025617241859436
Rank 1, Epoch 0, Loss 0.41307249665260315
Rank 3, Epoch 0, Loss 6.765479564666748
Rank 2, Epoch 0, Loss 5.1695170402526855
Rank 2, Epoch 0, Loss 9.559789657592773
Rank 1, Epoch 0, Loss 1.1925907135009766
Rank 3, Epoch 0, Loss 3.2395548820495605
Rank 0, Epoch 0, Loss 9.055757522583008
Rank 0, Epoch 0, Loss 5.099437713623047
Rank 3, Epoch 0, Loss 3.4555516242980957
Rank 2, Epoch 0, Loss 7.856445789337158
Rank 1, Epoch 0, Loss 5.610504150390625
Rank 3, Epoch 0, Loss 1.7873731851577759
Rank 2, Epoch 0, Loss 1.0972893238067627
Rank 0, Epoch 0, Loss 4.235762596130371
Rank 1, Epoch 0, Loss 2.462996244430542
Rank 0, Epoch 0, Loss 8.096728324890137
Rank 1, Epoch 0, Loss 5.688659191131592
Rank 3, Epoch 0, Loss 5.809168815612793
Rank 2, Epoch 0, Loss 3.0420525074005127
Rank 0, Epoch 0, Loss 3.047334671020508
Rank 3, Epoch 0, Loss 0.473519891500473
Rank 2, Epoch 0, Loss 5.672460079193115
Rank 1, Epoch 0, Loss 0.05916881561279297
Rank 1, Epoch 0, Loss 10.027592658996582
Rank 3, Epoch 0, Loss 7.759758949279785
Rank 2, Epoch 0, Loss 4.734969139099121
Rank 0, Epoch 0, Loss 4.017829895019531
Rank 1, Epoch 0, Loss 1.7419131994247437
Rank 2, Epoch 0, Loss 2.2461719512939453
Rank 3, Epoch 0, Loss 1.2013065814971924
Rank 0, Epoch 0, Loss 8.673147201538086
Rank 3, Epoch 0, Loss 13.039234161376953
Rank 0, Epoch 0, Loss 1.4647551774978638
Rank 1, Epoch 0, Loss 0.0027383745182305574
Rank 2, Epoch 0, Loss 2.2171781063079834
Rank 2, Epoch 0, Loss 0.5463293194770813
Rank 0, Epoch 0, Loss 3.074680805206299
Rank 1, Epoch 0, Loss 4.678582668304443
Rank 3, Epoch 0, Loss 9.750951766967773
Rank 1, Epoch 0, Loss 1.2918704748153687
Rank 2, Epoch 0, Loss 0.01474030315876007
Rank 0, Epoch 0, Loss 1.5147905349731445
Rank 3, Epoch 0, Loss 7.956212043762207
Rank 0, Epoch 0, Loss 1.2945451736450195
Rank 3, Epoch 0, Loss 0.00015409040497615933
Rank 2, Epoch 0, Loss 5.658554553985596
Rank 1, Epoch 0, Loss 3.330104112625122
Rank 0, Epoch 0, Loss 1.2955702543258667
Rank 2, Epoch 0, Loss 0.10983631759881973
Rank 3, Epoch 0, Loss 7.770395278930664
Rank 1, Epoch 0, Loss 1.36065673828125
Rank 0, Epoch 0, Loss 6.27743673324585
Rank 1, Epoch 0, Loss 0.5511423349380493
Rank 2, Epoch 0, Loss 1.643603801727295
Rank 3, Epoch 0, Loss 1.8695180416107178
Rank 0, Epoch 0, Loss 2.36968731880188
Rank 1, Epoch 0, Loss 5.937987327575684
Rank 3, Epoch 0, Loss 1.4343509674072266
Rank 2, Epoch 0, Loss 5.754251480102539
Rank 2, Epoch 0, Loss 2.4819347858428955
Rank 1, Epoch 0, Loss 2.6793222427368164
Rank 0, Epoch 0, Loss 5.119759559631348
Rank 3, Epoch 0, Loss 1.696571707725525
Rank 0, Epoch 0, Loss 11.253910064697266
Rank 1, Epoch 0, Loss 5.718181610107422
Rank 2, Epoch 0, Loss 0.002169601386412978
Rank 3, Epoch 0, Loss 8.425718307495117
Rank 3, Epoch 0, Loss 3.525038719177246
Rank 2, Epoch 0, Loss 8.065113067626953
Rank 0, Epoch 0, Loss 1.0829119682312012
Rank 1, Epoch 0, Loss 0.01311548799276352
Rank 0, Epoch 0, Loss 6.023033142089844
Rank 1, Epoch 0, Loss 2.9491703510284424
Rank 3, Epoch 0, Loss 10.189619064331055
Rank 2, Epoch 0, Loss 3.462719678878784
Rank 0, Epoch 0, Loss 0.02358638495206833
Rank 1, Epoch 0, Loss 3.224733591079712
Rank 2, Epoch 0, Loss 5.066969871520996
Rank 3, Epoch 0, Loss 0.03388414531946182
Rank 2, Epoch 0, Loss 1.4670064449310303
Rank 3, Epoch 0, Loss 1.587707281112671
Rank 0, Epoch 0, Loss 3.5583455562591553
Rank 1, Epoch 0, Loss 2.6679487228393555
Rank 0, Epoch 0, Loss 4.482994556427002
Rank 3, Epoch 0, Loss 4.012351989746094
Rank 2, Epoch 0, Loss 1.152241826057434
Rank 1, Epoch 0, Loss 6.746951103210449
Rank 0, Epoch 0, Loss 5.487333297729492
Rank 2, Epoch 0, Loss 8.830778121948242
Rank 3, Epoch 0, Loss 5.139682292938232
Rank 1, Epoch 0, Loss 5.569882392883301
Rank 1, Epoch 0, Loss 7.497126579284668
Rank 0, Epoch 0, Loss 5.784152030944824
Rank 2, Epoch 0, Loss 4.133805274963379
Rank 3, Epoch 0, Loss 4.237135410308838
Rank 3, Epoch 0, Loss 4.487401008605957
Rank 2, Epoch 0, Loss 4.440799713134766
Rank 1, Epoch 0, Loss 4.142542839050293
Rank 0, Epoch 0, Loss 1.2129887342453003
Rank 3, Epoch 0, Loss 2.980624198913574
Rank 0, Epoch 0, Loss 0.898334801197052
Rank 2, Epoch 0, Loss 2.958083391189575
Rank 1, Epoch 0, Loss 1.485426425933838
Rank 0, Epoch 0, Loss 1.8509503602981567
Rank 3, Epoch 0, Loss 4.859914779663086
Rank 1, Epoch 0, Loss 3.426771640777588
Rank 2, Epoch 0, Loss 2.4561543464660645
Rank 0, Epoch 0, Loss 4.837326526641846
Rank 1, Epoch 0, Loss 5.567733287811279
Rank 3, Epoch 0, Loss 2.6458194255828857
Rank 2, Epoch 0, Loss 1.8707767724990845
Rank 2, Epoch 0, Loss 3.0311319828033447
Rank 3, Epoch 0, Loss 4.307749271392822
Rank 0, Epoch 0, Loss 0.16637323796749115
Rank 1, Epoch 0, Loss 4.034524917602539
Rank 0, Epoch 0, Loss 5.951853275299072
Rank 1, Epoch 0, Loss 2.4053568840026855
Rank 2, Epoch 0, Loss 8.442827224731445
Rank 3, Epoch 0, Loss 1.0431963205337524
Rank 3, Epoch 0, Loss 5.836236953735352
Rank 0, Epoch 0, Loss 1.6817777156829834
Rank 1, Epoch 0, Loss 7.401791572570801
Rank 2, Epoch 0, Loss 5.062854766845703
Rank 2, Epoch 0, Loss 4.862299919128418
Rank 3, Epoch 0, Loss 0.7012776136398315
Rank 0, Epoch 0, Loss 7.16319465637207
Rank 1, Epoch 0, Loss 9.69531536102295
Rank 0, Epoch 0, Loss 2.8650519847869873
Rank 1, Epoch 0, Loss 5.440722942352295
Rank 2, Epoch 0, Loss 3.843616485595703
Rank 3, Epoch 0, Loss 5.328214645385742
Rank 2, Epoch 0, Loss 1.7236716747283936
Rank 1, Epoch 0, Loss 0.007850582711398602
Rank 3, Epoch 0, Loss 7.025482654571533
Rank 0, Epoch 0, Loss 4.038116455078125
Rank 0, Epoch 0, Loss 0.01663989946246147
Rank 3, Epoch 0, Loss 1.535075306892395
Rank 2, Epoch 0, Loss 7.762904167175293
Rank 1, Epoch 0, Loss 7.309159755706787
Rank 1, Epoch 0, Loss 0.30222558975219727
Rank 2, Epoch 0, Loss 6.316760540008545
Rank 0, Epoch 0, Loss 5.789083480834961
Rank 3, Epoch 0, Loss 10.80042839050293
Rank 1, Epoch 0, Loss 9.214518547058105
Rank 3, Epoch 0, Loss 7.749806880950928
Rank 2, Epoch 0, Loss 0.4474913477897644
Rank 0, Epoch 0, Loss 6.565290451049805
Rank 0, Epoch 0, Loss 10.222785949707031
Rank 3, Epoch 0, Loss 2.293978691101074
Rank 2, Epoch 0, Loss 1.8179365497417166e-06
Rank 1, Epoch 0, Loss 3.0852890014648438
Rank 3, Epoch 0, Loss 0.0028261232655495405
Rank 0, Epoch 0, Loss 4.415929794311523
Rank 2, Epoch 0, Loss 8.824111938476562
Rank 1, Epoch 0, Loss 2.549311876296997
Rank 0, Epoch 0, Loss 8.353168487548828
Rank 3, Epoch 0, Loss 3.862440586090088
Rank 1, Epoch 0, Loss 6.034172058105469
Rank 2, Epoch 0, Loss 0.00014530397311318666
Rank 0, Epoch 0, Loss 7.657459259033203
Rank 3, Epoch 0, Loss 2.559725522994995
Rank 1, Epoch 0, Loss 4.413272380828857
Rank 2, Epoch 0, Loss 0.9253455996513367
Rank 2, Epoch 0, Loss 9.328451156616211
Rank 3, Epoch 0, Loss 8.072123527526855
Rank 0, Epoch 0, Loss 1.5251061916351318
Rank 1, Epoch 0, Loss 5.1008148193359375
Rank 0, Epoch 0, Loss 11.218278884887695
Rank 1, Epoch 0, Loss 4.3602423667907715
Rank 2, Epoch 0, Loss 3.979823589324951
Rank 3, Epoch 0, Loss 5.490721702575684
Rank 0, Epoch 0, Loss 0.15977604687213898
Rank 1, Epoch 0, Loss 9.957450866699219
Rank 3, Epoch 0, Loss 7.431028366088867
Rank 2, Epoch 0, Loss 3.579683542251587
Rank 3, Epoch 0, Loss 11.46792984008789
Rank 0, Epoch 0, Loss 8.257429122924805
Rank 1, Epoch 0, Loss 7.836594104766846
Rank 2, Epoch 0, Loss 0.20240876078605652
Rank 2, Epoch 0, Loss 5.094502925872803
Rank 0, Epoch 0, Loss 11.456077575683594
Rank 1, Epoch 0, Loss 10.853249549865723
Rank 3, Epoch 0, Loss 4.448830604553223
Rank 1, Epoch 0, Loss 6.065382480621338
Rank 0, Epoch 0, Loss 1.4624409675598145
Rank 2, Epoch 0, Loss 6.2512383460998535
Rank 3, Epoch 0, Loss 9.505582809448242
Rank 1, Epoch 0, Loss 9.235552787780762
Rank 2, Epoch 0, Loss 13.87202262878418
Rank 3, Epoch 0, Loss 10.262542724609375
Rank 0, Epoch 0, Loss 9.503612518310547
Rank 1, Epoch 0, Loss 4.757226943969727
Rank 2, Epoch 0, Loss 2.541435480117798
Rank 0, Epoch 0, Loss 3.659134864807129
Rank 3, Epoch 0, Loss 10.329987525939941
Rank 3, Epoch 0, Loss 12.643627166748047
Rank 2, Epoch 0, Loss 0.06891564279794693
Rank 0, Epoch 0, Loss 2.584658622741699
Rank 1, Epoch 0, Loss 14.963920593261719
Rank 2, Epoch 0, Loss 3.843291759490967
Rank 0, Epoch 0, Loss 3.417818546295166
Rank 1, Epoch 0, Loss 7.406803131103516
Rank 3, Epoch 0, Loss 0.6957049369812012
Rank 3, Epoch 0, Loss 7.772634983062744
Rank 0, Epoch 0, Loss 2.1588737964630127
Rank 1, Epoch 0, Loss 7.231862545013428
Rank 2, Epoch 0, Loss 7.477935314178467
Rank 0, Epoch 0, Loss 6.0461578369140625
Rank 1, Epoch 0, Loss 7.733922004699707
Rank 2, Epoch 0, Loss 6.867163181304932
Rank 3, Epoch 0, Loss 7.448898792266846
Rank 2, Epoch 0, Loss 13.215169906616211
Rank 1, Epoch 0, Loss 15.44324779510498
Rank 3, Epoch 0, Loss 2.006382703781128
Rank 0, Epoch 0, Loss 5.638307571411133
Rank 0, Epoch 0, Loss 4.8930253982543945
Rank 1, Epoch 0, Loss 6.116297245025635
Rank 2, Epoch 0, Loss 4.953521251678467
Rank 3, Epoch 0, Loss 2.9513044357299805
Rank 2, Epoch 0, Loss 3.7565908432006836
Rank 3, Epoch 0, Loss 1.7787550687789917
Rank 0, Epoch 0, Loss 6.603884220123291
Rank 1, Epoch 0, Loss 2.816056966781616
Rank 0, Epoch 0, Loss 10.283892631530762
Rank 1, Epoch 0, Loss 8.515236854553223
Rank 2, Epoch 0, Loss 10.809915542602539
Rank 3, Epoch 0, Loss 7.625314712524414
Rank 3, Epoch 0, Loss 0.9294016361236572
Rank 2, Epoch 0, Loss 5.0166778564453125
Rank 0, Epoch 0, Loss 7.0209455490112305
Rank 1, Epoch 0, Loss 4.2797417640686035
Rank 0, Epoch 0, Loss 7.044020652770996
Rank 1, Epoch 0, Loss 11.224138259887695
Rank 2, Epoch 0, Loss 11.486722946166992
Rank 3, Epoch 0, Loss 16.31915855407715
Rank 0, Epoch 0, Loss 10.629481315612793
Rank 3, Epoch 0, Loss 13.060517311096191
Rank 2, Epoch 0, Loss 5.541821479797363
Rank 1, Epoch 0, Loss 2.1798017024993896
Rank 0, Epoch 0, Loss 4.504532814025879
Rank 3, Epoch 0, Loss 10.005716323852539
Rank 2, Epoch 0, Loss 8.567176818847656
Rank 1, Epoch 0, Loss 2.1441032886505127
Rank 1, Epoch 0, Loss 11.309124946594238
Rank 2, Epoch 0, Loss 7.872797012329102
Rank 0, Epoch 0, Loss 9.385393142700195
Rank 3, Epoch 0, Loss 11.917594909667969
Rank 0, Epoch 0, Loss 2.28056001663208
Rank 1, Epoch 0, Loss 4.441304683685303
Rank 2, Epoch 0, Loss 7.816771507263184
Rank 3, Epoch 0, Loss 4.526960372924805
Rank 0, Epoch 0, Loss 6.0247416496276855
Rank 1, Epoch 0, Loss 6.123071193695068
Rank 3, Epoch 0, Loss 6.991168022155762
Rank 2, Epoch 0, Loss 4.983959197998047
Rank 2, Epoch 0, Loss 0.40890318155288696
Rank 3, Epoch 0, Loss 5.564318656921387
Rank 0, Epoch 0, Loss 4.617766857147217
Rank 1, Epoch 0, Loss 7.089897155761719
Rank 0, Epoch 0, Loss 4.847243785858154
Rank 1, Epoch 0, Loss 3.2590677738189697
Rank 2, Epoch 0, Loss 7.499609470367432
Rank 3, Epoch 0, Loss 3.3155980110168457
Rank 0, Epoch 0, Loss 7.135631084442139
Rank 2, Epoch 0, Loss 7.370762825012207
Rank 3, Epoch 0, Loss 1.9579260349273682
Rank 1, Epoch 0, Loss 5.997455596923828
Rank 1, Epoch 0, Loss 5.979903221130371
Rank 2, Epoch 0, Loss 5.861713409423828
Rank 3, Epoch 0, Loss 4.90167236328125
Rank 0, Epoch 0, Loss 8.344256401062012
Rank 2, Epoch 0, Loss 1.2408058643341064
Rank 0, Epoch 0, Loss 2.7648606300354004
Rank 3, Epoch 0, Loss 15.108633041381836
Rank 1, Epoch 0, Loss 2.080594539642334
Rank 0, Epoch 0, Loss 5.831855297088623
Rank 1, Epoch 0, Loss 6.681881904602051
Rank 3, Epoch 0, Loss 0.12333794683218002
Rank 2, Epoch 0, Loss 5.479571342468262
Rank 3, Epoch 0, Loss 0.3057166337966919
Rank 1, Epoch 0, Loss 19.44537353515625
Rank 2, Epoch 0, Loss 10.67119026184082
Rank 0, Epoch 0, Loss 0.0008028784650377929
Rank 0, Epoch 0, Loss 7.2446794509887695
Rank 1, Epoch 0, Loss 8.100584030151367
Rank 2, Epoch 0, Loss 5.476302623748779
Rank 3, Epoch 0, Loss 2.914519786834717
Rank 2, Epoch 0, Loss 2.870490550994873
Rank 1, Epoch 0, Loss 9.470315933227539
Rank 3, Epoch 0, Loss 4.504730701446533
Rank 0, Epoch 0, Loss 1.5242576599121094
Rank 2, Epoch 0, Loss 10.39816951751709
Rank 1, Epoch 0, Loss 4.919614315032959
Rank 3, Epoch 0, Loss 3.775507926940918
Rank 0, Epoch 0, Loss 4.123603343963623
Rank 0, Epoch 0, Loss 3.3855836391448975
Rank 2, Epoch 0, Loss 2.8205575942993164
Rank 1, Epoch 0, Loss 8.942193984985352
Rank 3, Epoch 0, Loss 8.304239273071289
Rank 3, Epoch 0, Loss 0.8385119438171387
Rank 0, Epoch 0, Loss 0.02715030498802662
Rank 1, Epoch 0, Loss 7.446990013122559
Rank 2, Epoch 0, Loss 5.175899028778076
Rank 0, Epoch 0, Loss 5.18549919128418
Rank 1, Epoch 0, Loss 11.386128425598145
Rank 3, Epoch 0, Loss 1.7711429595947266
Rank 2, Epoch 0, Loss 2.5457828044891357
Rank 3, Epoch 0, Loss 7.804076194763184
Rank 1, Epoch 0, Loss 5.848240852355957
Rank 2, Epoch 0, Loss 1.229299783706665
Rank 0, Epoch 0, Loss 12.066094398498535
Rank 1, Epoch 0, Loss 7.9927496910095215
Rank 3, Epoch 0, Loss 9.758058547973633
Rank 0, Epoch 0, Loss 10.866071701049805
Rank 2, Epoch 0, Loss 1.0231136083602905
Rank 0, Epoch 0, Loss 5.970429420471191
Rank 1, Epoch 0, Loss 9.792393684387207
Rank 3, Epoch 0, Loss 6.80891316733323e-05
Rank 2, Epoch 0, Loss 2.766735553741455
Rank 2, Epoch 0, Loss 6.218703269958496
Rank 3, Epoch 0, Loss 5.192599296569824
Rank 1, Epoch 0, Loss 3.664803981781006
Rank 0, Epoch 0, Loss 12.494864463806152
Rank 0, Epoch 0, Loss 5.246660232543945
Rank 1, Epoch 0, Loss 0.02659442648291588
Rank 2, Epoch 0, Loss 8.840150833129883
Rank 3, Epoch 0, Loss 8.35368537902832
Rank 0, Epoch 0, Loss 6.9338154792785645
Rank 1, Epoch 0, Loss 3.5117456912994385
Rank 2, Epoch 0, Loss 0.0073310574516654015
Rank 3, Epoch 0, Loss 3.1654772758483887
Rank 1, Epoch 0, Loss 8.097410202026367
Rank 2, Epoch 0, Loss 4.868556022644043
Rank 3, Epoch 0, Loss 12.591238021850586
Rank 0, Epoch 0, Loss 2.885944128036499
Rank 0, Epoch 0, Loss 7.469193458557129
Rank 1, Epoch 0, Loss 1.6990500688552856
Rank 2, Epoch 0, Loss 5.447835445404053
Rank 3, Epoch 0, Loss 4.246659278869629
Rank 2, Epoch 0, Loss 4.340310573577881
Rank 0, Epoch 0, Loss 3.9874396324157715
Rank 1, Epoch 0, Loss 1.1986439228057861
Rank 3, Epoch 0, Loss 5.773983001708984
Rank 0, Epoch 0, Loss 10.515533447265625
Rank 1, Epoch 0, Loss 7.858366966247559
Rank 2, Epoch 0, Loss 3.7945823669433594
Rank 3, Epoch 0, Loss 5.650861740112305
Rank 0, Epoch 0, Loss 4.663143157958984
Rank 1, Epoch 0, Loss 8.338310241699219
Rank 2, Epoch 0, Loss 15.019354820251465
Rank 3, Epoch 0, Loss 0.0004662334395106882
Rank 2, Epoch 0, Loss 3.112278699874878
Rank 3, Epoch 0, Loss 5.994007587432861
Rank 0, Epoch 0, Loss 8.30570125579834
Rank 1, Epoch 0, Loss 1.5541925430297852
Rank 1, Epoch 0, Loss 8.698471069335938
Rank 0, Epoch 0, Loss 3.599569320678711
Rank 2, Epoch 0, Loss 0.8248410224914551
Rank 3, Epoch 0, Loss 5.160379409790039
Rank 3, Epoch 0, Loss 2.748150587081909
Rank 0, Epoch 0, Loss 0.17341049015522003
Rank 2, Epoch 0, Loss 4.505032539367676
Rank 1, Epoch 0, Loss 4.97598934173584
Rank 2, Epoch 0, Loss 4.265788555145264
Rank 1, Epoch 0, Loss 2.938683271408081
Rank 3, Epoch 0, Loss 6.941551208496094
Rank 0, Epoch 0, Loss 4.608853340148926
Rank 0, Epoch 0, Loss 4.06791353225708
Rank 1, Epoch 0, Loss 2.781010389328003
Rank 2, Epoch 0, Loss 4.993285179138184
Rank 3, Epoch 0, Loss 6.222996711730957
Rank 1, Epoch 0, Loss 1.8928112983703613
Rank 2, Epoch 0, Loss 11.406323432922363
Rank 0, Epoch 0, Loss 9.325069427490234
Rank 3, Epoch 0, Loss 6.388216018676758
Rank 1, Epoch 0, Loss 9.720849990844727
Rank 2, Epoch 0, Loss 11.831268310546875
Rank 0, Epoch 0, Loss 1.3020343780517578
Rank 3, Epoch 0, Loss 1.6070488691329956
Rank 0, Epoch 0, Loss 7.1024041175842285
Rank 3, Epoch 0, Loss 10.36081314086914
Rank 2, Epoch 0, Loss 1.5403176546096802
Rank 1, Epoch 0, Loss 3.136986017227173
Rank 0, Epoch 0, Loss 2.6640400886535645
Rank 2, Epoch 0, Loss 6.0983734130859375
Rank 3, Epoch 0, Loss 5.50999641418457
Rank 1, Epoch 0, Loss 14.683707237243652
Rank 0, Epoch 0, Loss 9.820866584777832
Rank 1, Epoch 0, Loss 4.451023101806641
Rank 3, Epoch 0, Loss 4.945242404937744
Rank 2, Epoch 0, Loss 4.710657119750977
Rank 1, Epoch 0, Loss 6.492619514465332
Rank 0, Epoch 0, Loss 1.3238424062728882
Rank 2, Epoch 0, Loss 2.5337371826171875
Rank 3, Epoch 0, Loss 0.7891923189163208
Rank 3, Epoch 0, Loss 5.2508955001831055
Rank 1, Epoch 0, Loss 2.693502902984619
Rank 0, Epoch 0, Loss 1.5366898775100708
Rank 2, Epoch 0, Loss 12.231822967529297
Rank 0, Epoch 0, Loss 9.221319198608398
Rank 3, Epoch 0, Loss 2.631421375554055e-05
Rank 2, Epoch 0, Loss 4.988411092199385e-05
Rank 1, Epoch 0, Loss 9.619458198547363
Rank 0, Epoch 0, Loss 0.9340769648551941
Rank 1, Epoch 0, Loss 1.594049096107483
Rank 2, Epoch 0, Loss 3.2747414112091064
Rank 3, Epoch 0, Loss 11.881156921386719
Rank 0, Epoch 0, Loss 0.7693813443183899
Rank 3, Epoch 0, Loss 3.362342119216919
Rank 2, Epoch 0, Loss 12.528632164001465
Rank 1, Epoch 0, Loss 1.1920909628315712e-06
Rank 0, Epoch 0, Loss 4.8010334968566895
Rank 1, Epoch 0, Loss 0.739804208278656
Rank 3, Epoch 0, Loss 8.774449348449707
Rank 2, Epoch 0, Loss 0.27365997433662415
Rank 2, Epoch 0, Loss 4.091312408447266
Rank 0, Epoch 0, Loss 9.127423286437988
Rank 1, Epoch 0, Loss 9.207701683044434
Rank 3, Epoch 0, Loss 5.038951396942139
Rank 3, Epoch 0, Loss 5.405425548553467
Rank 2, Epoch 0, Loss 9.095970153808594
Rank 1, Epoch 0, Loss 0.39852479100227356
Rank 0, Epoch 0, Loss 0.000776826695073396
Rank 2, Epoch 0, Loss 14.159417152404785
Rank 1, Epoch 0, Loss 2.2478272914886475
Rank 0, Epoch 0, Loss 5.853405952453613
Rank 3, Epoch 0, Loss 0.034284453839063644
Rank 2, Epoch 0, Loss 4.804976463317871
Rank 1, Epoch 0, Loss 6.238089084625244
Rank 0, Epoch 0, Loss 5.682772636413574
Rank 3, Epoch 0, Loss 2.2035460472106934
Rank 3, Epoch 0, Loss 3.308706045150757
Rank 1, Epoch 0, Loss 1.1724109649658203
Rank 2, Epoch 0, Loss 2.478091239929199
Rank 0, Epoch 0, Loss 6.039539337158203
Rank 1, Epoch 0, Loss 5.981220245361328
Rank 0, Epoch 0, Loss 12.61129093170166
Rank 3, Epoch 0, Loss 8.574535369873047
Rank 2, Epoch 0, Loss 8.655319213867188
Rank 2, Epoch 0, Loss 11.568853378295898
Rank 3, Epoch 0, Loss 4.241761207580566
Rank 0, Epoch 0, Loss 3.05393123626709
Rank 1, Epoch 0, Loss 0.5213145613670349
Rank 0, Epoch 0, Loss 0.0001445438974769786
Rank 3, Epoch 0, Loss 5.590636730194092
Rank 2, Epoch 0, Loss 8.15125560760498
Rank 1, Epoch 0, Loss 9.120887756347656
Rank 1, Epoch 0, Loss 6.591575622558594
Rank 0, Epoch 0, Loss 14.545443534851074
Rank 2, Epoch 0, Loss 9.767102241516113
Rank 3, Epoch 0, Loss 9.858894348144531
Rank 0, Epoch 0, Loss 0.1771117001771927
Rank 1, Epoch 0, Loss 1.1235319107072428e-05
Rank 2, Epoch 0, Loss 0.020012445747852325
Rank 3, Epoch 0, Loss 11.60146713256836
Rank 3, Epoch 0, Loss 2.2325925827026367
Rank 0, Epoch 0, Loss 0.03492805361747742
Rank 2, Epoch 0, Loss 0.11486593633890152
Rank 1, Epoch 0, Loss 1.484827995300293
Rank 0, Epoch 0, Loss 4.0710906982421875
Rank 2, Epoch 0, Loss 3.6625137329101562
Rank 3, Epoch 0, Loss 1.1603918075561523
Rank 1, Epoch 0, Loss 8.537612915039062
Rank 3, Epoch 0, Loss 7.8002519607543945
Rank 2, Epoch 0, Loss 5.443220615386963
Rank 1, Epoch 0, Loss 8.168113708496094
Rank 0, Epoch 0, Loss 5.437710285186768
Rank 2, Epoch 0, Loss 7.953987121582031
Rank 1, Epoch 0, Loss 5.150446891784668
Rank 3, Epoch 0, Loss 1.528283715248108
Rank 0, Epoch 0, Loss 9.779083251953125
Rank 0, Epoch 0, Loss 4.553390979766846
Rank 3, Epoch 0, Loss 8.586945533752441
Rank 1, Epoch 0, Loss 3.968801259994507
Rank 2, Epoch 0, Loss 3.094583749771118
Rank 0, Epoch 0, Loss 8.657475471496582
Rank 1, Epoch 0, Loss 5.815334320068359
Rank 2, Epoch 0, Loss 10.056816101074219
Rank 3, Epoch 0, Loss 3.2934629917144775
Rank 3, Epoch 0, Loss 6.39429235458374
Rank 2, Epoch 0, Loss 3.2757890224456787
Rank 0, Epoch 0, Loss 3.882954842993058e-05
Rank 1, Epoch 0, Loss 3.41973614692688
Rank 1, Epoch 0, Loss 7.027322769165039
Rank 0, Epoch 0, Loss 6.769924640655518
Rank 2, Epoch 0, Loss 2.798536539077759
Rank 3, Epoch 0, Loss 9.968099594116211
Rank 0, Epoch 0, Loss 4.081108570098877
Rank 1, Epoch 0, Loss 2.895918369293213
Rank 3, Epoch 0, Loss 2.860867977142334
Rank 2, Epoch 0, Loss 8.094974517822266
Rank 2, Epoch 0, Loss 4.504271984100342
Rank 3, Epoch 0, Loss 8.695898056030273
Rank 0, Epoch 0, Loss 1.0809566974639893
Rank 1, Epoch 0, Loss 0.00537145184352994
Rank 3, Epoch 0, Loss 2.502329111099243
Rank 2, Epoch 0, Loss 6.603854179382324
Rank 0, Epoch 0, Loss 2.411292314529419
Rank 1, Epoch 0, Loss 3.6793253421783447
Rank 2, Epoch 0, Loss 7.2239298820495605
Rank 3, Epoch 0, Loss 4.1538496017456055
Rank 0, Epoch 0, Loss 10.276021957397461
Rank 1, Epoch 0, Loss 13.307744979858398
Rank 1, Epoch 0, Loss 4.7740702629089355
Rank 3, Epoch 0, Loss 3.153352975845337
Rank 0, Epoch 0, Loss 2.575988292694092
Rank 2, Epoch 0, Loss 3.4491167068481445
slurmstepd: error: *** JOB 8929120 ON compsci-cluster-fitz-09 CANCELLED AT 2025-04-28T20:39:57 ***
slurmstepd: error: _handle_signal_container: failed signal 18 pid 3280232 StepId=8929120.batch No such process
